{"C:\\Users\\ASUS\\Desktop\\projects\\scalable-task-scheduler\\src\\features\\notifications\\notifications.controller.ts": {"path":"C:\\Users\\ASUS\\Desktop\\projects\\scalable-task-scheduler\\src\\features\\notifications\\notifications.controller.ts","statementMap":{"0":{"start":{"line":2,"column":0},"end":{"line":2,"column":48}},"1":{"start":{"line":10,"column":0},"end":{"line":10,"column":47}},"2":{"start":{"line":13,"column":24},"end":{"line":13,"column":63}},"3":{"start":{"line":16,"column":8},"end":{"line":41,"column":9}},"4":{"start":{"line":17,"column":54},"end":{"line":17,"column":62}},"5":{"start":{"line":19,"column":47},"end":{"line":25,"column":14}},"6":{"start":{"line":27,"column":33},"end":{"line":27,"column":86}},"7":{"start":{"line":29,"column":12},"end":{"line":33,"column":15}},"8":{"start":{"line":35,"column":12},"end":{"line":38,"column":15}},"9":{"start":{"line":40,"column":12},"end":{"line":40,"column":24}},"10":{"start":{"line":45,"column":8},"end":{"line":72,"column":9}},"11":{"start":{"line":46,"column":35},"end":{"line":46,"column":70}},"12":{"start":{"line":47,"column":46},"end":{"line":47,"column":null}},"13":{"start":{"line":53,"column":54},"end":{"line":53,"column":56}},"14":{"start":{"line":54,"column":12},"end":{"line":54,"column":45}},"15":{"start":{"line":54,"column":22},"end":{"line":54,"column":45}},"16":{"start":{"line":55,"column":12},"end":{"line":55,"column":51}},"17":{"start":{"line":55,"column":24},"end":{"line":55,"column":51}},"18":{"start":{"line":56,"column":12},"end":{"line":56,"column":54}},"19":{"start":{"line":56,"column":25},"end":{"line":56,"column":54}},"20":{"start":{"line":57,"column":12},"end":{"line":57,"column":43}},"21":{"start":{"line":59,"column":33},"end":{"line":59,"column":109}},"22":{"start":{"line":61,"column":12},"end":{"line":64,"column":15}},"23":{"start":{"line":66,"column":12},"end":{"line":69,"column":15}},"24":{"start":{"line":71,"column":12},"end":{"line":71,"column":24}},"25":{"start":{"line":76,"column":8},"end":{"line":92,"column":9}},"26":{"start":{"line":77,"column":35},"end":{"line":77,"column":70}},"27":{"start":{"line":79,"column":12},"end":{"line":79,"column":77}},"28":{"start":{"line":81,"column":12},"end":{"line":84,"column":15}},"29":{"start":{"line":86,"column":12},"end":{"line":89,"column":15}},"30":{"start":{"line":91,"column":12},"end":{"line":91,"column":24}},"31":{"start":{"line":96,"column":8},"end":{"line":107,"column":9}},"32":{"start":{"line":97,"column":35},"end":{"line":97,"column":70}},"33":{"start":{"line":99,"column":33},"end":{"line":99,"column":94}},"34":{"start":{"line":101,"column":12},"end":{"line":104,"column":15}},"35":{"start":{"line":106,"column":12},"end":{"line":106,"column":24}},"36":{"start":{"line":111,"column":8},"end":{"line":122,"column":9}},"37":{"start":{"line":112,"column":27},"end":{"line":112,"column":54}},"38":{"start":{"line":114,"column":34},"end":{"line":114,"column":92}},"39":{"start":{"line":116,"column":12},"end":{"line":119,"column":15}},"40":{"start":{"line":121,"column":12},"end":{"line":121,"column":24}},"41":{"start":{"line":126,"column":8},"end":{"line":137,"column":9}},"42":{"start":{"line":127,"column":27},"end":{"line":127,"column":66}},"43":{"start":{"line":129,"column":34},"end":{"line":129,"column":96}},"44":{"start":{"line":131,"column":12},"end":{"line":134,"column":15}},"45":{"start":{"line":136,"column":12},"end":{"line":136,"column":24}},"46":{"start":{"line":12,"column":0},"end":{"line":12,"column":13}}},"fnMap":{"0":{"name":"(anonymous_0)","decl":{"start":{"line":13,"column":4},"end":{"line":13,"column":24}},"loc":{"start":{"line":13,"column":63},"end":{"line":13,"column":67}}},"1":{"name":"(anonymous_1)","decl":{"start":{"line":15,"column":4},"end":{"line":15,"column":9}},"loc":{"start":{"line":15,"column":76},"end":{"line":42,"column":5}}},"2":{"name":"(anonymous_2)","decl":{"start":{"line":44,"column":4},"end":{"line":44,"column":9}},"loc":{"start":{"line":44,"column":76},"end":{"line":73,"column":5}}},"3":{"name":"(anonymous_3)","decl":{"start":{"line":75,"column":4},"end":{"line":75,"column":9}},"loc":{"start":{"line":75,"column":76},"end":{"line":93,"column":5}}},"4":{"name":"(anonymous_4)","decl":{"start":{"line":95,"column":4},"end":{"line":95,"column":9}},"loc":{"start":{"line":95,"column":73},"end":{"line":108,"column":5}}},"5":{"name":"(anonymous_5)","decl":{"start":{"line":110,"column":4},"end":{"line":110,"column":9}},"loc":{"start":{"line":110,"column":78},"end":{"line":123,"column":5}}},"6":{"name":"(anonymous_6)","decl":{"start":{"line":125,"column":4},"end":{"line":125,"column":9}},"loc":{"start":{"line":125,"column":82},"end":{"line":138,"column":5}}}},"branchMap":{"0":{"loc":{"start":{"line":54,"column":12},"end":{"line":54,"column":45}},"type":"if","locations":[{"start":{"line":54,"column":12},"end":{"line":54,"column":45}},{"start":{},"end":{}}]},"1":{"loc":{"start":{"line":55,"column":12},"end":{"line":55,"column":51}},"type":"if","locations":[{"start":{"line":55,"column":12},"end":{"line":55,"column":51}},{"start":{},"end":{}}]},"2":{"loc":{"start":{"line":56,"column":12},"end":{"line":56,"column":54}},"type":"if","locations":[{"start":{"line":56,"column":12},"end":{"line":56,"column":54}},{"start":{},"end":{}}]}},"s":{"0":2,"1":2,"2":18,"3":2,"4":2,"5":2,"6":2,"7":1,"8":1,"9":1,"10":2,"11":2,"12":2,"13":2,"14":2,"15":0,"16":2,"17":2,"18":2,"19":0,"20":2,"21":2,"22":1,"23":1,"24":1,"25":2,"26":2,"27":2,"28":1,"29":1,"30":1,"31":2,"32":2,"33":2,"34":1,"35":1,"36":1,"37":1,"38":1,"39":1,"40":0,"41":2,"42":2,"43":2,"44":1,"45":1,"46":2},"f":{"0":18,"1":2,"2":2,"3":2,"4":2,"5":1,"6":2},"b":{"0":[0,2],"1":[2,0],"2":[0,2]}}
,"C:\\Users\\ASUS\\Desktop\\projects\\scalable-task-scheduler\\src\\features\\notifications\\notifications.facade.ts": {"path":"C:\\Users\\ASUS\\Desktop\\projects\\scalable-task-scheduler\\src\\features\\notifications\\notifications.facade.ts","statementMap":{"0":{"start":{"line":2,"column":0},"end":{"line":2,"column":null}},"1":{"start":{"line":11,"column":0},"end":{"line":11,"column":60}},"2":{"start":{"line":12,"column":0},"end":{"line":12,"column":47}},"3":{"start":{"line":16,"column":16},"end":{"line":16,"column":45}},"4":{"start":{"line":17,"column":16},"end":{"line":17,"column":35}},"5":{"start":{"line":21,"column":8},"end":{"line":46,"column":10}},"6":{"start":{"line":24,"column":16},"end":{"line":24,"column":109}},"7":{"start":{"line":26,"column":33},"end":{"line":26,"column":85}},"8":{"start":{"line":27,"column":36},"end":{"line":27,"column":99}},"9":{"start":{"line":27,"column":57},"end":{"line":27,"column":98}},"10":{"start":{"line":29,"column":16},"end":{"line":34,"column":17}},"11":{"start":{"line":30,"column":20},"end":{"line":32,"column":23}},"12":{"start":{"line":33,"column":20},"end":{"line":33,"column":27}},"13":{"start":{"line":36,"column":51},"end":{"line":42,"column":18}},"14":{"start":{"line":44,"column":16},"end":{"line":44,"column":51}},"15":{"start":{"line":50,"column":29},"end":{"line":50,"column":71}},"16":{"start":{"line":52,"column":8},"end":{"line":58,"column":11}},"17":{"start":{"line":60,"column":8},"end":{"line":62,"column":11}},"18":{"start":{"line":63,"column":8},"end":{"line":63,"column":28}},"19":{"start":{"line":67,"column":29},"end":{"line":67,"column":75}},"20":{"start":{"line":69,"column":8},"end":{"line":75,"column":11}},"21":{"start":{"line":77,"column":8},"end":{"line":79,"column":11}},"22":{"start":{"line":80,"column":8},"end":{"line":80,"column":28}},"23":{"start":{"line":84,"column":8},"end":{"line":84,"column":50}},"24":{"start":{"line":85,"column":8},"end":{"line":87,"column":11}},"25":{"start":{"line":89,"column":8},"end":{"line":91,"column":11}},"26":{"start":{"line":95,"column":8},"end":{"line":95,"column":54}},"27":{"start":{"line":99,"column":8},"end":{"line":99,"column":63}},"28":{"start":{"line":103,"column":8},"end":{"line":103,"column":67}},"29":{"start":{"line":14,"column":0},"end":{"line":14,"column":13}}},"fnMap":{"0":{"name":"(anonymous_0)","decl":{"start":{"line":15,"column":4},"end":{"line":15,"column":null}},"loc":{"start":{"line":17,"column":35},"end":{"line":18,"column":9}}},"1":{"name":"(anonymous_1)","decl":{"start":{"line":20,"column":4},"end":{"line":20,"column":9}},"loc":{"start":{"line":20,"column":14},"end":{"line":47,"column":5}}},"2":{"name":"(anonymous_2)","decl":{"start":{"line":23,"column":12},"end":{"line":23,"column":17}},"loc":{"start":{"line":23,"column":50},"end":{"line":45,"column":13}}},"3":{"name":"(anonymous_3)","decl":{"start":{"line":27,"column":50},"end":{"line":27,"column":51}},"loc":{"start":{"line":27,"column":57},"end":{"line":27,"column":98}}},"4":{"name":"(anonymous_4)","decl":{"start":{"line":49,"column":4},"end":{"line":49,"column":9}},"loc":{"start":{"line":49,"column":55},"end":{"line":64,"column":5}}},"5":{"name":"(anonymous_5)","decl":{"start":{"line":66,"column":4},"end":{"line":66,"column":9}},"loc":{"start":{"line":66,"column":67},"end":{"line":81,"column":5}}},"6":{"name":"(anonymous_6)","decl":{"start":{"line":83,"column":4},"end":{"line":83,"column":9}},"loc":{"start":{"line":83,"column":39},"end":{"line":92,"column":5}}},"7":{"name":"(anonymous_7)","decl":{"start":{"line":94,"column":4},"end":{"line":94,"column":9}},"loc":{"start":{"line":94,"column":36},"end":{"line":96,"column":5}}},"8":{"name":"(anonymous_8)","decl":{"start":{"line":98,"column":4},"end":{"line":98,"column":9}},"loc":{"start":{"line":98,"column":45},"end":{"line":100,"column":5}}},"9":{"name":"(anonymous_9)","decl":{"start":{"line":102,"column":4},"end":{"line":102,"column":9}},"loc":{"start":{"line":102,"column":61},"end":{"line":104,"column":5}}}},"branchMap":{"0":{"loc":{"start":{"line":29,"column":16},"end":{"line":34,"column":17}},"type":"if","locations":[{"start":{"line":29,"column":16},"end":{"line":34,"column":17}},{"start":{},"end":{}}]}},"s":{"0":2,"1":2,"2":2,"3":16,"4":16,"5":9,"6":1,"7":1,"8":1,"9":0,"10":1,"11":0,"12":0,"13":1,"14":1,"15":3,"16":2,"17":2,"18":2,"19":1,"20":1,"21":1,"22":1,"23":1,"24":1,"25":1,"26":1,"27":1,"28":1,"29":2},"f":{"0":16,"1":9,"2":1,"3":0,"4":3,"5":1,"6":1,"7":1,"8":1,"9":1},"b":{"0":[0,1]}}
,"C:\\Users\\ASUS\\Desktop\\projects\\scalable-task-scheduler\\src\\features\\notifications\\notifications.module.ts": {"path":"C:\\Users\\ASUS\\Desktop\\projects\\scalable-task-scheduler\\src\\features\\notifications\\notifications.module.ts","statementMap":{"0":{"start":{"line":9,"column":0},"end":{"line":9,"column":7}},"1":{"start":{"line":1,"column":0},"end":{"line":1,"column":68}},"2":{"start":{"line":2,"column":0},"end":{"line":2,"column":62}},"3":{"start":{"line":3,"column":0},"end":{"line":3,"column":60}},"4":{"start":{"line":4,"column":0},"end":{"line":4,"column":68}},"5":{"start":{"line":5,"column":0},"end":{"line":5,"column":66}},"6":{"start":{"line":10,"column":23},"end":{"line":10,"column":62}},"7":{"start":{"line":11,"column":20},"end":{"line":11,"column":55}},"8":{"start":{"line":12,"column":19},"end":{"line":12,"column":65}},"9":{"start":{"line":13,"column":4},"end":{"line":13,"column":24}},"10":{"start":{"line":14,"column":23},"end":{"line":14,"column":57}},"11":{"start":{"line":15,"column":19},"end":{"line":15,"column":55}},"12":{"start":{"line":17,"column":4},"end":{"line":25,"column":6}}},"fnMap":{"0":{"name":"createNotificationsModule","decl":{"start":{"line":9,"column":22},"end":{"line":9,"column":47}},"loc":{"start":{"line":9,"column":99},"end":{"line":26,"column":1}}}},"branchMap":{},"s":{"0":1,"1":1,"2":1,"3":1,"4":1,"5":1,"6":7,"7":7,"8":7,"9":7,"10":7,"11":7,"12":7},"f":{"0":7},"b":{}}
,"C:\\Users\\ASUS\\Desktop\\projects\\scalable-task-scheduler\\src\\features\\notifications\\notifications.repository.ts": {"path":"C:\\Users\\ASUS\\Desktop\\projects\\scalable-task-scheduler\\src\\features\\notifications\\notifications.repository.ts","statementMap":{"0":{"start":{"line":4,"column":0},"end":{"line":4,"column":59}},"1":{"start":{"line":7,"column":24},"end":{"line":7,"column":44}},"2":{"start":{"line":10,"column":32},"end":{"line":15,"column":10}},"3":{"start":{"line":17,"column":8},"end":{"line":19,"column":9}},"4":{"start":{"line":18,"column":12},"end":{"line":18,"column":43}},"5":{"start":{"line":21,"column":8},"end":{"line":44,"column":9}},"6":{"start":{"line":22,"column":28},"end":{"line":24,"column":14}},"7":{"start":{"line":26,"column":12},"end":{"line":26,"column":56}},"8":{"start":{"line":28,"column":12},"end":{"line":42,"column":13}},"9":{"start":{"line":29,"column":33},"end":{"line":37,"column":18}},"10":{"start":{"line":39,"column":16},"end":{"line":41,"column":17}},"11":{"start":{"line":40,"column":20},"end":{"line":40,"column":66}},"12":{"start":{"line":43,"column":12},"end":{"line":43,"column":24}},"13":{"start":{"line":48,"column":32},"end":{"line":48,"column":34}},"14":{"start":{"line":50,"column":8},"end":{"line":50,"column":63}},"15":{"start":{"line":50,"column":36},"end":{"line":50,"column":63}},"16":{"start":{"line":51,"column":8},"end":{"line":51,"column":69}},"17":{"start":{"line":51,"column":38},"end":{"line":51,"column":69}},"18":{"start":{"line":52,"column":8},"end":{"line":52,"column":72}},"19":{"start":{"line":52,"column":39},"end":{"line":52,"column":72}},"20":{"start":{"line":53,"column":8},"end":{"line":55,"column":9}},"21":{"start":{"line":54,"column":12},"end":{"line":54,"column":43}},"22":{"start":{"line":57,"column":24},"end":{"line":60,"column":10}},"23":{"start":{"line":62,"column":8},"end":{"line":62,"column":52}},"24":{"start":{"line":66,"column":8},"end":{"line":68,"column":11}},"25":{"start":{"line":72,"column":29},"end":{"line":77,"column":10}},"26":{"start":{"line":79,"column":8},"end":{"line":81,"column":9}},"27":{"start":{"line":80,"column":12},"end":{"line":80,"column":56}},"28":{"start":{"line":83,"column":8},"end":{"line":83,"column":58}},"29":{"start":{"line":87,"column":30},"end":{"line":95,"column":10}},"30":{"start":{"line":97,"column":8},"end":{"line":97,"column":95}},"31":{"start":{"line":97,"column":51},"end":{"line":97,"column":93}},"32":{"start":{"line":101,"column":30},"end":{"line":109,"column":10}},"33":{"start":{"line":111,"column":8},"end":{"line":111,"column":95}},"34":{"start":{"line":111,"column":51},"end":{"line":111,"column":93}},"35":{"start":{"line":115,"column":8},"end":{"line":123,"column":10}},"36":{"start":{"line":6,"column":0},"end":{"line":6,"column":13}}},"fnMap":{"0":{"name":"(anonymous_0)","decl":{"start":{"line":7,"column":4},"end":{"line":7,"column":24}},"loc":{"start":{"line":7,"column":44},"end":{"line":7,"column":49}}},"1":{"name":"(anonymous_1)","decl":{"start":{"line":9,"column":4},"end":{"line":9,"column":9}},"loc":{"start":{"line":9,"column":43},"end":{"line":45,"column":5}}},"2":{"name":"(anonymous_2)","decl":{"start":{"line":47,"column":4},"end":{"line":47,"column":9}},"loc":{"start":{"line":47,"column":55},"end":{"line":63,"column":5}}},"3":{"name":"(anonymous_3)","decl":{"start":{"line":65,"column":4},"end":{"line":65,"column":9}},"loc":{"start":{"line":65,"column":27},"end":{"line":69,"column":5}}},"4":{"name":"(anonymous_4)","decl":{"start":{"line":71,"column":4},"end":{"line":71,"column":9}},"loc":{"start":{"line":71,"column":29},"end":{"line":84,"column":5}}},"5":{"name":"(anonymous_5)","decl":{"start":{"line":86,"column":4},"end":{"line":86,"column":9}},"loc":{"start":{"line":86,"column":37},"end":{"line":98,"column":5}}},"6":{"name":"(anonymous_6)","decl":{"start":{"line":97,"column":33},"end":{"line":97,"column":34}},"loc":{"start":{"line":97,"column":51},"end":{"line":97,"column":93}}},"7":{"name":"(anonymous_7)","decl":{"start":{"line":100,"column":4},"end":{"line":100,"column":9}},"loc":{"start":{"line":100,"column":49},"end":{"line":112,"column":5}}},"8":{"name":"(anonymous_8)","decl":{"start":{"line":111,"column":33},"end":{"line":111,"column":34}},"loc":{"start":{"line":111,"column":51},"end":{"line":111,"column":93}}},"9":{"name":"(anonymous_9)","decl":{"start":{"line":114,"column":12},"end":{"line":114,"column":35}},"loc":{"start":{"line":114,"column":59},"end":{"line":124,"column":5}}}},"branchMap":{"0":{"loc":{"start":{"line":17,"column":8},"end":{"line":19,"column":9}},"type":"if","locations":[{"start":{"line":17,"column":8},"end":{"line":19,"column":9}},{"start":{},"end":{}}]},"1":{"loc":{"start":{"line":28,"column":12},"end":{"line":42,"column":13}},"type":"if","locations":[{"start":{"line":28,"column":12},"end":{"line":42,"column":13}},{"start":{},"end":{}}]},"2":{"loc":{"start":{"line":39,"column":16},"end":{"line":41,"column":17}},"type":"if","locations":[{"start":{"line":39,"column":16},"end":{"line":41,"column":17}},{"start":{},"end":{}}]},"3":{"loc":{"start":{"line":50,"column":8},"end":{"line":50,"column":63}},"type":"if","locations":[{"start":{"line":50,"column":8},"end":{"line":50,"column":63}},{"start":{},"end":{}}]},"4":{"loc":{"start":{"line":51,"column":8},"end":{"line":51,"column":69}},"type":"if","locations":[{"start":{"line":51,"column":8},"end":{"line":51,"column":69}},{"start":{},"end":{}}]},"5":{"loc":{"start":{"line":52,"column":8},"end":{"line":52,"column":72}},"type":"if","locations":[{"start":{"line":52,"column":8},"end":{"line":52,"column":72}},{"start":{},"end":{}}]},"6":{"loc":{"start":{"line":53,"column":8},"end":{"line":55,"column":9}},"type":"if","locations":[{"start":{"line":53,"column":8},"end":{"line":55,"column":9}},{"start":{},"end":{}}]},"7":{"loc":{"start":{"line":79,"column":8},"end":{"line":81,"column":9}},"type":"if","locations":[{"start":{"line":79,"column":8},"end":{"line":81,"column":9}},{"start":{},"end":{}}]}},"s":{"0":2,"1":16,"2":2,"3":2,"4":2,"5":2,"6":2,"7":1,"8":1,"9":0,"10":0,"11":0,"12":1,"13":2,"14":2,"15":0,"16":2,"17":2,"18":2,"19":1,"20":2,"21":0,"22":2,"23":2,"24":1,"25":2,"26":2,"27":1,"28":1,"29":1,"30":1,"31":2,"32":1,"33":1,"34":1,"35":7,"36":2},"f":{"0":16,"1":2,"2":2,"3":1,"4":2,"5":1,"6":2,"7":1,"8":1,"9":7},"b":{"0":[2,0],"1":[0,1],"2":[0,0],"3":[0,2],"4":[2,0],"5":[1,1],"6":[0,2],"7":[1,1]}}
,"C:\\Users\\ASUS\\Desktop\\projects\\scalable-task-scheduler\\src\\features\\notifications\\notifications.routes.ts": {"path":"C:\\Users\\ASUS\\Desktop\\projects\\scalable-task-scheduler\\src\\features\\notifications\\notifications.routes.ts","statementMap":{"0":{"start":{"line":12,"column":0},"end":{"line":12,"column":16}},"1":{"start":{"line":1,"column":0},"end":{"line":1,"column":33}},"2":{"start":{"line":3,"column":0},"end":{"line":3,"column":76}},"3":{"start":{"line":4,"column":0},"end":{"line":4,"column":null}},"4":{"start":{"line":13,"column":19},"end":{"line":13,"column":27}},"5":{"start":{"line":73,"column":4},"end":{"line":75,"column":6}},"6":{"start":{"line":74,"column":8},"end":{"line":74,"column":65}},"7":{"start":{"line":109,"column":4},"end":{"line":111,"column":6}},"8":{"start":{"line":110,"column":8},"end":{"line":110,"column":67}},"9":{"start":{"line":144,"column":4},"end":{"line":146,"column":6}},"10":{"start":{"line":145,"column":8},"end":{"line":145,"column":71}},"11":{"start":{"line":179,"column":4},"end":{"line":181,"column":6}},"12":{"start":{"line":180,"column":8},"end":{"line":180,"column":62}},"13":{"start":{"line":241,"column":4},"end":{"line":246,"column":6}},"14":{"start":{"line":245,"column":28},"end":{"line":245,"column":85}},"15":{"start":{"line":281,"column":4},"end":{"line":283,"column":6}},"16":{"start":{"line":282,"column":8},"end":{"line":282,"column":65}},"17":{"start":{"line":284,"column":4},"end":{"line":284,"column":18}}},"fnMap":{"0":{"name":"createNotificationRoutes","decl":{"start":{"line":12,"column":16},"end":{"line":12,"column":40}},"loc":{"start":{"line":12,"column":87},"end":{"line":285,"column":1}}},"1":{"name":"(anonymous_1)","decl":{"start":{"line":73,"column":63},"end":{"line":73,"column":64}},"loc":{"start":{"line":74,"column":8},"end":{"line":74,"column":65}}},"2":{"name":"(anonymous_2)","decl":{"start":{"line":109,"column":64},"end":{"line":109,"column":65}},"loc":{"start":{"line":110,"column":8},"end":{"line":110,"column":67}}},"3":{"name":"(anonymous_3)","decl":{"start":{"line":144,"column":66},"end":{"line":144,"column":67}},"loc":{"start":{"line":145,"column":8},"end":{"line":145,"column":71}}},"4":{"name":"(anonymous_4)","decl":{"start":{"line":179,"column":75},"end":{"line":179,"column":76}},"loc":{"start":{"line":180,"column":8},"end":{"line":180,"column":62}}},"5":{"name":"(anonymous_5)","decl":{"start":{"line":245,"column":8},"end":{"line":245,"column":9}},"loc":{"start":{"line":245,"column":28},"end":{"line":245,"column":85}}},"6":{"name":"(anonymous_6)","decl":{"start":{"line":281,"column":78},"end":{"line":281,"column":79}},"loc":{"start":{"line":282,"column":8},"end":{"line":282,"column":65}}}},"branchMap":{},"s":{"0":2,"1":2,"2":2,"3":2,"4":20,"5":20,"6":1,"7":20,"8":1,"9":20,"10":1,"11":20,"12":1,"13":20,"14":1,"15":20,"16":1,"17":20},"f":{"0":20,"1":1,"2":1,"3":1,"4":1,"5":1,"6":1},"b":{}}
,"C:\\Users\\ASUS\\Desktop\\projects\\scalable-task-scheduler\\src\\features\\notifications\\notifications.service.ts": {"path":"C:\\Users\\ASUS\\Desktop\\projects\\scalable-task-scheduler\\src\\features\\notifications\\notifications.service.ts","statementMap":{"0":{"start":{"line":5,"column":24},"end":{"line":5,"column":59}},"1":{"start":{"line":8,"column":8},"end":{"line":8,"column":43}},"2":{"start":{"line":12,"column":8},"end":{"line":12,"column":47}},"3":{"start":{"line":16,"column":8},"end":{"line":16,"column":41}},"4":{"start":{"line":20,"column":8},"end":{"line":20,"column":44}},"5":{"start":{"line":24,"column":8},"end":{"line":24,"column":52}},"6":{"start":{"line":28,"column":8},"end":{"line":28,"column":52}},"7":{"start":{"line":4,"column":0},"end":{"line":4,"column":13}}},"fnMap":{"0":{"name":"(anonymous_0)","decl":{"start":{"line":5,"column":4},"end":{"line":5,"column":24}},"loc":{"start":{"line":5,"column":59},"end":{"line":5,"column":63}}},"1":{"name":"(anonymous_1)","decl":{"start":{"line":7,"column":4},"end":{"line":7,"column":9}},"loc":{"start":{"line":7,"column":55},"end":{"line":9,"column":5}}},"2":{"name":"(anonymous_2)","decl":{"start":{"line":11,"column":4},"end":{"line":11,"column":9}},"loc":{"start":{"line":11,"column":67},"end":{"line":13,"column":5}}},"3":{"name":"(anonymous_3)","decl":{"start":{"line":15,"column":4},"end":{"line":15,"column":9}},"loc":{"start":{"line":15,"column":39},"end":{"line":17,"column":5}}},"4":{"name":"(anonymous_4)","decl":{"start":{"line":19,"column":4},"end":{"line":19,"column":9}},"loc":{"start":{"line":19,"column":36},"end":{"line":21,"column":5}}},"5":{"name":"(anonymous_5)","decl":{"start":{"line":23,"column":4},"end":{"line":23,"column":9}},"loc":{"start":{"line":23,"column":45},"end":{"line":25,"column":5}}},"6":{"name":"(anonymous_6)","decl":{"start":{"line":27,"column":4},"end":{"line":27,"column":9}},"loc":{"start":{"line":27,"column":61},"end":{"line":29,"column":5}}}},"branchMap":{},"s":{"0":14,"1":2,"2":1,"3":1,"4":1,"5":1,"6":1,"7":2},"f":{"0":14,"1":2,"2":1,"3":1,"4":1,"5":1,"6":1},"b":{}}
,"C:\\Users\\ASUS\\Desktop\\projects\\scalable-task-scheduler\\src\\features\\notifications\\notifications.types.ts": {"path":"C:\\Users\\ASUS\\Desktop\\projects\\scalable-task-scheduler\\src\\features\\notifications\\notifications.types.ts","statementMap":{"0":{"start":{"line":1,"column":0},"end":{"line":1,"column":null}},"1":{"start":{"line":2,"column":4},"end":{"line":2,"column":null}},"2":{"start":{"line":5,"column":0},"end":{"line":5,"column":null}},"3":{"start":{"line":6,"column":4},"end":{"line":6,"column":null}},"4":{"start":{"line":7,"column":4},"end":{"line":7,"column":null}},"5":{"start":{"line":8,"column":4},"end":{"line":8,"column":null}}},"fnMap":{"0":{"name":"(anonymous_0)","decl":{"start":{"line":1,"column":0},"end":{"line":1,"column":12}},"loc":{"start":{"line":1,"column":28},"end":{"line":3,"column":1}}},"1":{"name":"(anonymous_1)","decl":{"start":{"line":5,"column":0},"end":{"line":5,"column":12}},"loc":{"start":{"line":5,"column":30},"end":{"line":9,"column":1}}}},"branchMap":{"0":{"loc":{"start":{"line":1,"column":12},"end":{"line":1,"column":null}},"type":"binary-expr","locations":[{"start":{"line":1,"column":12},"end":{"line":1,"column":28}},{"start":{"line":1,"column":28},"end":{"line":1,"column":null}}]},"1":{"loc":{"start":{"line":5,"column":12},"end":{"line":5,"column":null}},"type":"binary-expr","locations":[{"start":{"line":5,"column":12},"end":{"line":5,"column":30}},{"start":{"line":5,"column":30},"end":{"line":5,"column":null}}]}},"s":{"0":7,"1":7,"2":7,"3":7,"4":7,"5":7},"f":{"0":7,"1":7},"b":{"0":[7,7],"1":[7,7]}}
,"C:\\Users\\ASUS\\Desktop\\projects\\scalable-task-scheduler\\src\\features\\notifications\\notifications.validators.ts": {"path":"C:\\Users\\ASUS\\Desktop\\projects\\scalable-task-scheduler\\src\\features\\notifications\\notifications.validators.ts","statementMap":{"0":{"start":{"line":1,"column":0},"end":{"line":1,"column":24}},"1":{"start":{"line":2,"column":0},"end":{"line":2,"column":77}},"2":{"start":{"line":4,"column":13},"end":{"line":13,"column":3}},"3":{"start":{"line":15,"column":13},"end":{"line":27,"column":3}},"4":{"start":{"line":29,"column":13},"end":{"line":31,"column":3}},"5":{"start":{"line":33,"column":13},"end":{"line":35,"column":3}},"6":{"start":{"line":37,"column":13},"end":{"line":41,"column":3}}},"fnMap":{},"branchMap":{},"s":{"0":3,"1":3,"2":3,"3":3,"4":3,"5":3,"6":3},"f":{},"b":{}}
,"C:\\Users\\ASUS\\Desktop\\projects\\scalable-task-scheduler\\src\\features\\tasks\\tasks.controller.ts": {"path":"C:\\Users\\ASUS\\Desktop\\projects\\scalable-task-scheduler\\src\\features\\tasks\\tasks.controller.ts","statementMap":{"0":{"start":{"line":2,"column":0},"end":{"line":2,"column":48}},"1":{"start":{"line":5,"column":0},"end":{"line":5,"column":47}},"2":{"start":{"line":8,"column":24},"end":{"line":8,"column":47}},"3":{"start":{"line":11,"column":8},"end":{"line":34,"column":9}},"4":{"start":{"line":12,"column":47},"end":{"line":12,"column":55}},"5":{"start":{"line":14,"column":39},"end":{"line":18,"column":14}},"6":{"start":{"line":20,"column":25},"end":{"line":20,"column":62}},"7":{"start":{"line":22,"column":12},"end":{"line":26,"column":15}},"8":{"start":{"line":28,"column":12},"end":{"line":31,"column":15}},"9":{"start":{"line":33,"column":12},"end":{"line":33,"column":24}},"10":{"start":{"line":38,"column":8},"end":{"line":59,"column":9}},"11":{"start":{"line":39,"column":27},"end":{"line":39,"column":54}},"12":{"start":{"line":40,"column":39},"end":{"line":40,"column":87}},"13":{"start":{"line":42,"column":46},"end":{"line":42,"column":48}},"14":{"start":{"line":43,"column":12},"end":{"line":43,"column":48}},"15":{"start":{"line":43,"column":23},"end":{"line":43,"column":48}},"16":{"start":{"line":44,"column":12},"end":{"line":44,"column":64}},"17":{"start":{"line":44,"column":25},"end":{"line":44,"column":64}},"18":{"start":{"line":46,"column":25},"end":{"line":46,"column":77}},"19":{"start":{"line":48,"column":12},"end":{"line":51,"column":15}},"20":{"start":{"line":53,"column":12},"end":{"line":56,"column":15}},"21":{"start":{"line":58,"column":12},"end":{"line":58,"column":24}},"22":{"start":{"line":63,"column":8},"end":{"line":79,"column":9}},"23":{"start":{"line":64,"column":27},"end":{"line":64,"column":54}},"24":{"start":{"line":66,"column":12},"end":{"line":66,"column":53}},"25":{"start":{"line":68,"column":12},"end":{"line":71,"column":15}},"26":{"start":{"line":73,"column":12},"end":{"line":76,"column":15}},"27":{"start":{"line":78,"column":12},"end":{"line":78,"column":24}},"28":{"start":{"line":83,"column":8},"end":{"line":94,"column":9}},"29":{"start":{"line":84,"column":27},"end":{"line":84,"column":54}},"30":{"start":{"line":86,"column":25},"end":{"line":86,"column":62}},"31":{"start":{"line":88,"column":12},"end":{"line":91,"column":15}},"32":{"start":{"line":93,"column":12},"end":{"line":93,"column":24}},"33":{"start":{"line":98,"column":8},"end":{"line":109,"column":9}},"34":{"start":{"line":99,"column":27},"end":{"line":99,"column":54}},"35":{"start":{"line":101,"column":26},"end":{"line":101,"column":68}},"36":{"start":{"line":103,"column":12},"end":{"line":106,"column":15}},"37":{"start":{"line":108,"column":12},"end":{"line":108,"column":24}},"38":{"start":{"line":7,"column":0},"end":{"line":7,"column":13}}},"fnMap":{"0":{"name":"(anonymous_0)","decl":{"start":{"line":8,"column":4},"end":{"line":8,"column":24}},"loc":{"start":{"line":8,"column":47},"end":{"line":8,"column":51}}},"1":{"name":"(anonymous_1)","decl":{"start":{"line":10,"column":4},"end":{"line":10,"column":9}},"loc":{"start":{"line":10,"column":68},"end":{"line":35,"column":5}}},"2":{"name":"(anonymous_2)","decl":{"start":{"line":37,"column":4},"end":{"line":37,"column":9}},"loc":{"start":{"line":37,"column":68},"end":{"line":60,"column":5}}},"3":{"name":"(anonymous_3)","decl":{"start":{"line":62,"column":4},"end":{"line":62,"column":9}},"loc":{"start":{"line":62,"column":68},"end":{"line":80,"column":5}}},"4":{"name":"(anonymous_4)","decl":{"start":{"line":82,"column":4},"end":{"line":82,"column":9}},"loc":{"start":{"line":82,"column":65},"end":{"line":95,"column":5}}},"5":{"name":"(anonymous_5)","decl":{"start":{"line":97,"column":4},"end":{"line":97,"column":9}},"loc":{"start":{"line":97,"column":70},"end":{"line":110,"column":5}}}},"branchMap":{"0":{"loc":{"start":{"line":43,"column":12},"end":{"line":43,"column":48}},"type":"if","locations":[{"start":{"line":43,"column":12},"end":{"line":43,"column":48}},{"start":{},"end":{}}]},"1":{"loc":{"start":{"line":44,"column":12},"end":{"line":44,"column":64}},"type":"if","locations":[{"start":{"line":44,"column":12},"end":{"line":44,"column":64}},{"start":{},"end":{}}]}},"s":{"0":2,"1":2,"2":16,"3":2,"4":2,"5":2,"6":2,"7":1,"8":1,"9":1,"10":2,"11":2,"12":2,"13":2,"14":2,"15":2,"16":2,"17":0,"18":2,"19":1,"20":1,"21":1,"22":2,"23":2,"24":2,"25":1,"26":1,"27":1,"28":2,"29":2,"30":2,"31":1,"32":1,"33":2,"34":2,"35":2,"36":1,"37":1,"38":2},"f":{"0":16,"1":2,"2":2,"3":2,"4":2,"5":2},"b":{"0":[2,0],"1":[0,2]}}
,"C:\\Users\\ASUS\\Desktop\\projects\\scalable-task-scheduler\\src\\features\\tasks\\tasks.facade.ts": {"path":"C:\\Users\\ASUS\\Desktop\\projects\\scalable-task-scheduler\\src\\features\\tasks\\tasks.facade.ts","statementMap":{"0":{"start":{"line":2,"column":0},"end":{"line":2,"column":79}},"1":{"start":{"line":4,"column":0},"end":{"line":4,"column":60}},"2":{"start":{"line":5,"column":0},"end":{"line":5,"column":47}},"3":{"start":{"line":7,"column":18},"end":{"line":7,"column":22}},"4":{"start":{"line":8,"column":19},"end":{"line":11,"column":2}},"5":{"start":{"line":9,"column":26},"end":{"line":9,"column":38}},"6":{"start":{"line":10,"column":35},"end":{"line":10,"column":57}},"7":{"start":{"line":15,"column":16},"end":{"line":15,"column":37}},"8":{"start":{"line":16,"column":16},"end":{"line":16,"column":47}},"9":{"start":{"line":17,"column":16},"end":{"line":17,"column":35}},"10":{"start":{"line":18,"column":16},"end":{"line":18,"column":43}},"11":{"start":{"line":22,"column":21},"end":{"line":22,"column":55}},"12":{"start":{"line":25,"column":8},"end":{"line":25,"column":59}},"13":{"start":{"line":26,"column":30},"end":{"line":26,"column":92}},"14":{"start":{"line":29,"column":8},"end":{"line":29,"column":70}},"15":{"start":{"line":31,"column":8},"end":{"line":31,"column":29}},"16":{"start":{"line":35,"column":21},"end":{"line":35,"column":59}},"17":{"start":{"line":37,"column":8},"end":{"line":40,"column":9}},"18":{"start":{"line":38,"column":12},"end":{"line":38,"column":46}},"19":{"start":{"line":39,"column":12},"end":{"line":39,"column":63}},"20":{"start":{"line":42,"column":8},"end":{"line":47,"column":11}},"21":{"start":{"line":50,"column":8},"end":{"line":53,"column":11}},"22":{"start":{"line":55,"column":8},"end":{"line":55,"column":20}},"23":{"start":{"line":62,"column":8},"end":{"line":67,"column":9}},"24":{"start":{"line":63,"column":12},"end":{"line":63,"column":50}},"25":{"start":{"line":64,"column":12},"end":{"line":64,"column":33}},"26":{"start":{"line":66,"column":12},"end":{"line":66,"column":102}},"27":{"start":{"line":70,"column":8},"end":{"line":70,"column":42}},"28":{"start":{"line":71,"column":8},"end":{"line":77,"column":9}},"29":{"start":{"line":72,"column":12},"end":{"line":76,"column":13}},"30":{"start":{"line":73,"column":16},"end":{"line":73,"column":74}},"31":{"start":{"line":75,"column":16},"end":{"line":75,"column":111}},"32":{"start":{"line":79,"column":8},"end":{"line":79,"column":42}},"33":{"start":{"line":80,"column":8},"end":{"line":82,"column":11}},"34":{"start":{"line":85,"column":31},"end":{"line":85,"column":74}},"35":{"start":{"line":86,"column":8},"end":{"line":88,"column":9}},"36":{"start":{"line":87,"column":12},"end":{"line":87,"column":84}},"37":{"start":{"line":89,"column":8},"end":{"line":89,"column":42}},"38":{"start":{"line":93,"column":8},"end":{"line":98,"column":10}},"39":{"start":{"line":95,"column":18},"end":{"line":95,"column":42}},"40":{"start":{"line":102,"column":8},"end":{"line":107,"column":10}},"41":{"start":{"line":104,"column":18},"end":{"line":104,"column":51}},"42":{"start":{"line":121,"column":8},"end":{"line":132,"column":9}},"43":{"start":{"line":122,"column":27},"end":{"line":122,"column":67}},"44":{"start":{"line":123,"column":12},"end":{"line":126,"column":13}},"45":{"start":{"line":124,"column":16},"end":{"line":124,"column":95}},"46":{"start":{"line":125,"column":16},"end":{"line":125,"column":30}},"47":{"start":{"line":128,"column":12},"end":{"line":131,"column":15}},"48":{"start":{"line":135,"column":21},"end":{"line":135,"column":40}},"49":{"start":{"line":138,"column":8},"end":{"line":145,"column":9}},"50":{"start":{"line":139,"column":12},"end":{"line":139,"column":67}},"51":{"start":{"line":141,"column":12},"end":{"line":144,"column":15}},"52":{"start":{"line":147,"column":8},"end":{"line":147,"column":20}},"53":{"start":{"line":154,"column":8},"end":{"line":161,"column":9}},"54":{"start":{"line":155,"column":12},"end":{"line":155,"column":45}},"55":{"start":{"line":157,"column":12},"end":{"line":160,"column":15}},"56":{"start":{"line":165,"column":22},"end":{"line":165,"column":52}},"57":{"start":{"line":166,"column":8},"end":{"line":166,"column":56}},"58":{"start":{"line":168,"column":8},"end":{"line":171,"column":9}},"59":{"start":{"line":169,"column":12},"end":{"line":169,"column":92}},"60":{"start":{"line":170,"column":12},"end":{"line":170,"column":19}},"61":{"start":{"line":173,"column":8},"end":{"line":181,"column":10}},"62":{"start":{"line":183,"column":8},"end":{"line":183,"column":97}},"63":{"start":{"line":187,"column":8},"end":{"line":187,"column":109}},"64":{"start":{"line":188,"column":8},"end":{"line":188,"column":79}},"65":{"start":{"line":13,"column":0},"end":{"line":13,"column":13}}},"fnMap":{"0":{"name":"(anonymous_0)","decl":{"start":{"line":9,"column":10},"end":{"line":9,"column":11}},"loc":{"start":{"line":9,"column":26},"end":{"line":9,"column":38}}},"1":{"name":"(anonymous_1)","decl":{"start":{"line":10,"column":15},"end":{"line":10,"column":16}},"loc":{"start":{"line":10,"column":35},"end":{"line":10,"column":57}}},"2":{"name":"(anonymous_2)","decl":{"start":{"line":14,"column":4},"end":{"line":14,"column":null}},"loc":{"start":{"line":18,"column":43},"end":{"line":19,"column":8}}},"3":{"name":"(anonymous_3)","decl":{"start":{"line":21,"column":4},"end":{"line":21,"column":9}},"loc":{"start":{"line":21,"column":39},"end":{"line":32,"column":5}}},"4":{"name":"(anonymous_4)","decl":{"start":{"line":34,"column":4},"end":{"line":34,"column":9}},"loc":{"start":{"line":34,"column":51},"end":{"line":56,"column":5}}},"5":{"name":"(anonymous_5)","decl":{"start":{"line":58,"column":4},"end":{"line":58,"column":9}},"loc":{"start":{"line":58,"column":31},"end":{"line":90,"column":5}}},"6":{"name":"(anonymous_6)","decl":{"start":{"line":92,"column":4},"end":{"line":92,"column":9}},"loc":{"start":{"line":92,"column":28},"end":{"line":99,"column":5}}},"7":{"name":"(anonymous_7)","decl":{"start":{"line":95,"column":12},"end":{"line":95,"column":15}},"loc":{"start":{"line":95,"column":18},"end":{"line":95,"column":42}}},"8":{"name":"(anonymous_8)","decl":{"start":{"line":101,"column":4},"end":{"line":101,"column":9}},"loc":{"start":{"line":101,"column":37},"end":{"line":108,"column":5}}},"9":{"name":"(anonymous_9)","decl":{"start":{"line":104,"column":12},"end":{"line":104,"column":15}},"loc":{"start":{"line":104,"column":18},"end":{"line":104,"column":51}}},"10":{"name":"(anonymous_10)","decl":{"start":{"line":114,"column":12},"end":{"line":114,"column":17}},"loc":{"start":{"line":118,"column":40},"end":{"line":148,"column":5}}},"11":{"name":"(anonymous_11)","decl":{"start":{"line":153,"column":12},"end":{"line":153,"column":17}},"loc":{"start":{"line":153,"column":45},"end":{"line":162,"column":5}}},"12":{"name":"(anonymous_12)","decl":{"start":{"line":164,"column":12},"end":{"line":164,"column":17}},"loc":{"start":{"line":164,"column":64},"end":{"line":184,"column":5}}},"13":{"name":"(anonymous_13)","decl":{"start":{"line":186,"column":12},"end":{"line":186,"column":17}},"loc":{"start":{"line":186,"column":51},"end":{"line":189,"column":5}}}},"branchMap":{"0":{"loc":{"start":{"line":37,"column":8},"end":{"line":40,"column":9}},"type":"if","locations":[{"start":{"line":37,"column":8},"end":{"line":40,"column":9}},{"start":{},"end":{}}]},"1":{"loc":{"start":{"line":71,"column":8},"end":{"line":77,"column":9}},"type":"if","locations":[{"start":{"line":71,"column":8},"end":{"line":77,"column":9}},{"start":{},"end":{}}]},"2":{"loc":{"start":{"line":71,"column":12},"end":{"line":71,"column":56}},"type":"binary-expr","locations":[{"start":{"line":71,"column":12},"end":{"line":71,"column":16}},{"start":{"line":71,"column":20},"end":{"line":71,"column":56}}]},"3":{"loc":{"start":{"line":86,"column":8},"end":{"line":88,"column":9}},"type":"if","locations":[{"start":{"line":86,"column":8},"end":{"line":88,"column":9}},{"start":{},"end":{}}]},"4":{"loc":{"start":{"line":123,"column":12},"end":{"line":126,"column":13}},"type":"if","locations":[{"start":{"line":123,"column":12},"end":{"line":126,"column":13}},{"start":{},"end":{}}]},"5":{"loc":{"start":{"line":130,"column":23},"end":{"line":130,"column":79}},"type":"cond-expr","locations":[{"start":{"line":130,"column":48},"end":{"line":130,"column":61}},{"start":{"line":130,"column":64},"end":{"line":130,"column":79}}]},"6":{"loc":{"start":{"line":143,"column":23},"end":{"line":143,"column":79}},"type":"cond-expr","locations":[{"start":{"line":143,"column":48},"end":{"line":143,"column":61}},{"start":{"line":143,"column":64},"end":{"line":143,"column":79}}]},"7":{"loc":{"start":{"line":159,"column":23},"end":{"line":159,"column":79}},"type":"cond-expr","locations":[{"start":{"line":159,"column":48},"end":{"line":159,"column":61}},{"start":{"line":159,"column":64},"end":{"line":159,"column":79}}]},"8":{"loc":{"start":{"line":168,"column":8},"end":{"line":171,"column":9}},"type":"if","locations":[{"start":{"line":168,"column":8},"end":{"line":171,"column":9}},{"start":{},"end":{}}]}},"s":{"0":2,"1":2,"2":2,"3":2,"4":2,"5":4,"6":6,"7":14,"8":14,"9":14,"10":14,"11":3,"12":3,"13":3,"14":3,"15":3,"16":2,"17":2,"18":1,"19":1,"20":2,"21":2,"22":2,"23":1,"24":1,"25":1,"26":1,"27":1,"28":1,"29":0,"30":0,"31":0,"32":1,"33":1,"34":1,"35":1,"36":0,"37":1,"38":1,"39":1,"40":1,"41":1,"42":2,"43":2,"44":2,"45":0,"46":0,"47":0,"48":2,"49":2,"50":2,"51":0,"52":2,"53":8,"54":8,"55":0,"56":4,"57":4,"58":4,"59":2,"60":2,"61":2,"62":2,"63":2,"64":2,"65":2},"f":{"0":4,"1":6,"2":14,"3":3,"4":2,"5":1,"6":1,"7":1,"8":1,"9":1,"10":2,"11":8,"12":4,"13":2},"b":{"0":[1,1],"1":[0,1],"2":[1,0],"3":[0,1],"4":[0,2],"5":[0,0],"6":[0,0],"7":[0,0],"8":[2,2]}}
,"C:\\Users\\ASUS\\Desktop\\projects\\scalable-task-scheduler\\src\\features\\tasks\\tasks.module.ts": {"path":"C:\\Users\\ASUS\\Desktop\\projects\\scalable-task-scheduler\\src\\features\\tasks\\tasks.module.ts","statementMap":{"0":{"start":{"line":9,"column":0},"end":{"line":9,"column":7}},"1":{"start":{"line":1,"column":0},"end":{"line":1,"column":52}},"2":{"start":{"line":2,"column":0},"end":{"line":2,"column":46}},"3":{"start":{"line":3,"column":0},"end":{"line":3,"column":44}},"4":{"start":{"line":4,"column":0},"end":{"line":4,"column":52}},"5":{"start":{"line":5,"column":0},"end":{"line":5,"column":50}},"6":{"start":{"line":15,"column":23},"end":{"line":15,"column":54}},"7":{"start":{"line":16,"column":20},"end":{"line":16,"column":47}},"8":{"start":{"line":17,"column":19},"end":{"line":17,"column":97}},"9":{"start":{"line":18,"column":23},"end":{"line":18,"column":49}},"10":{"start":{"line":19,"column":19},"end":{"line":19,"column":47}},"11":{"start":{"line":21,"column":4},"end":{"line":29,"column":6}}},"fnMap":{"0":{"name":"createTasksModule","decl":{"start":{"line":9,"column":22},"end":{"line":9,"column":39}},"loc":{"start":{"line":14,"column":1},"end":{"line":30,"column":1}}}},"branchMap":{},"s":{"0":1,"1":1,"2":1,"3":1,"4":1,"5":1,"6":6,"7":6,"8":6,"9":6,"10":6,"11":6},"f":{"0":6},"b":{}}
,"C:\\Users\\ASUS\\Desktop\\projects\\scalable-task-scheduler\\src\\features\\tasks\\tasks.repository.ts": {"path":"C:\\Users\\ASUS\\Desktop\\projects\\scalable-task-scheduler\\src\\features\\tasks\\tasks.repository.ts","statementMap":{"0":{"start":{"line":3,"column":0},"end":{"line":3,"column":79}},"1":{"start":{"line":4,"column":0},"end":{"line":4,"column":59}},"2":{"start":{"line":5,"column":0},"end":{"line":5,"column":70}},"3":{"start":{"line":9,"column":24},"end":{"line":9,"column":44}},"4":{"start":{"line":12,"column":24},"end":{"line":18,"column":10}},"5":{"start":{"line":20,"column":8},"end":{"line":20,"column":44}},"6":{"start":{"line":24,"column":32},"end":{"line":24,"column":42}},"7":{"start":{"line":27,"column":8},"end":{"line":40,"column":9}},"8":{"start":{"line":28,"column":12},"end":{"line":28,"column":43}},"9":{"start":{"line":29,"column":24},"end":{"line":29,"column":34}},"10":{"start":{"line":31,"column":12},"end":{"line":39,"column":13}},"11":{"start":{"line":32,"column":16},"end":{"line":32,"column":45}},"12":{"start":{"line":33,"column":19},"end":{"line":39,"column":13}},"13":{"start":{"line":34,"column":16},"end":{"line":34,"column":45}},"14":{"start":{"line":35,"column":19},"end":{"line":39,"column":13}},"15":{"start":{"line":36,"column":16},"end":{"line":36,"column":44}},"16":{"start":{"line":37,"column":19},"end":{"line":39,"column":13}},"17":{"start":{"line":38,"column":16},"end":{"line":38,"column":45}},"18":{"start":{"line":42,"column":24},"end":{"line":45,"column":10}},"19":{"start":{"line":47,"column":8},"end":{"line":47,"column":44}},"20":{"start":{"line":51,"column":32},"end":{"line":54,"column":10}},"21":{"start":{"line":56,"column":20},"end":{"line":56,"column":30}},"22":{"start":{"line":58,"column":8},"end":{"line":66,"column":9}},"23":{"start":{"line":59,"column":12},"end":{"line":59,"column":72}},"24":{"start":{"line":60,"column":15},"end":{"line":66,"column":9}},"25":{"start":{"line":61,"column":12},"end":{"line":61,"column":72}},"26":{"start":{"line":62,"column":15},"end":{"line":66,"column":9}},"27":{"start":{"line":63,"column":12},"end":{"line":63,"column":70}},"28":{"start":{"line":64,"column":15},"end":{"line":66,"column":9}},"29":{"start":{"line":65,"column":12},"end":{"line":65,"column":72}},"30":{"start":{"line":68,"column":24},"end":{"line":71,"column":10}},"31":{"start":{"line":73,"column":8},"end":{"line":73,"column":44}},"32":{"start":{"line":81,"column":20},"end":{"line":81,"column":30}},"33":{"start":{"line":83,"column":23},"end":{"line":95,"column":10}},"34":{"start":{"line":97,"column":8},"end":{"line":97,"column":34}},"35":{"start":{"line":107,"column":24},"end":{"line":114,"column":10}},"36":{"start":{"line":117,"column":8},"end":{"line":122,"column":9}},"37":{"start":{"line":118,"column":29},"end":{"line":118,"column":97}},"38":{"start":{"line":119,"column":12},"end":{"line":121,"column":13}},"39":{"start":{"line":120,"column":16},"end":{"line":120,"column":67}},"40":{"start":{"line":124,"column":8},"end":{"line":129,"column":9}},"41":{"start":{"line":125,"column":29},"end":{"line":125,"column":96}},"42":{"start":{"line":126,"column":12},"end":{"line":128,"column":13}},"43":{"start":{"line":127,"column":16},"end":{"line":127,"column":71}},"44":{"start":{"line":131,"column":8},"end":{"line":131,"column":44}},"45":{"start":{"line":139,"column":21},"end":{"line":139,"column":48}},"46":{"start":{"line":141,"column":23},"end":{"line":141,"column":56}},"47":{"start":{"line":143,"column":24},"end":{"line":149,"column":10}},"48":{"start":{"line":151,"column":8},"end":{"line":151,"column":44}},"49":{"start":{"line":155,"column":8},"end":{"line":157,"column":11}},"50":{"start":{"line":161,"column":21},"end":{"line":166,"column":10}},"51":{"start":{"line":168,"column":8},"end":{"line":170,"column":9}},"52":{"start":{"line":169,"column":12},"end":{"line":169,"column":48}},"53":{"start":{"line":172,"column":8},"end":{"line":172,"column":56}},"54":{"start":{"line":176,"column":22},"end":{"line":184,"column":10}},"55":{"start":{"line":186,"column":8},"end":{"line":186,"column":63}},"56":{"start":{"line":186,"column":35},"end":{"line":186,"column":61}},"57":{"start":{"line":190,"column":8},"end":{"line":207,"column":10}},"58":{"start":{"line":8,"column":0},"end":{"line":8,"column":13}}},"fnMap":{"0":{"name":"(anonymous_0)","decl":{"start":{"line":9,"column":4},"end":{"line":9,"column":24}},"loc":{"start":{"line":9,"column":44},"end":{"line":9,"column":49}}},"1":{"name":"(anonymous_1)","decl":{"start":{"line":11,"column":4},"end":{"line":11,"column":9}},"loc":{"start":{"line":11,"column":35},"end":{"line":21,"column":5}}},"2":{"name":"(anonymous_2)","decl":{"start":{"line":23,"column":4},"end":{"line":23,"column":9}},"loc":{"start":{"line":23,"column":47},"end":{"line":48,"column":5}}},"3":{"name":"(anonymous_3)","decl":{"start":{"line":50,"column":4},"end":{"line":50,"column":9}},"loc":{"start":{"line":50,"column":94},"end":{"line":74,"column":5}}},"4":{"name":"(anonymous_4)","decl":{"start":{"line":80,"column":4},"end":{"line":80,"column":9}},"loc":{"start":{"line":80,"column":42},"end":{"line":98,"column":5}}},"5":{"name":"(anonymous_5)","decl":{"start":{"line":105,"column":4},"end":{"line":105,"column":9}},"loc":{"start":{"line":105,"column":37},"end":{"line":132,"column":5}}},"6":{"name":"(anonymous_6)","decl":{"start":{"line":138,"column":4},"end":{"line":138,"column":9}},"loc":{"start":{"line":138,"column":64},"end":{"line":152,"column":5}}},"7":{"name":"(anonymous_7)","decl":{"start":{"line":154,"column":4},"end":{"line":154,"column":9}},"loc":{"start":{"line":154,"column":27},"end":{"line":158,"column":5}}},"8":{"name":"(anonymous_8)","decl":{"start":{"line":160,"column":4},"end":{"line":160,"column":9}},"loc":{"start":{"line":160,"column":29},"end":{"line":173,"column":5}}},"9":{"name":"(anonymous_9)","decl":{"start":{"line":175,"column":4},"end":{"line":175,"column":9}},"loc":{"start":{"line":175,"column":37},"end":{"line":187,"column":5}}},"10":{"name":"(anonymous_10)","decl":{"start":{"line":186,"column":25},"end":{"line":186,"column":26}},"loc":{"start":{"line":186,"column":35},"end":{"line":186,"column":61}}},"11":{"name":"(anonymous_11)","decl":{"start":{"line":189,"column":12},"end":{"line":189,"column":27}},"loc":{"start":{"line":189,"column":56},"end":{"line":208,"column":5}}}},"branchMap":{"0":{"loc":{"start":{"line":27,"column":8},"end":{"line":40,"column":9}},"type":"if","locations":[{"start":{"line":27,"column":8},"end":{"line":40,"column":9}},{"start":{},"end":{}}]},"1":{"loc":{"start":{"line":31,"column":12},"end":{"line":39,"column":13}},"type":"if","locations":[{"start":{"line":31,"column":12},"end":{"line":39,"column":13}},{"start":{"line":33,"column":19},"end":{"line":39,"column":13}}]},"2":{"loc":{"start":{"line":31,"column":16},"end":{"line":31,"column":71}},"type":"binary-expr","locations":[{"start":{"line":31,"column":16},"end":{"line":31,"column":51}},{"start":{"line":31,"column":55},"end":{"line":31,"column":71}}]},"3":{"loc":{"start":{"line":33,"column":19},"end":{"line":39,"column":13}},"type":"if","locations":[{"start":{"line":33,"column":19},"end":{"line":39,"column":13}},{"start":{"line":35,"column":19},"end":{"line":39,"column":13}}]},"4":{"loc":{"start":{"line":33,"column":23},"end":{"line":33,"column":78}},"type":"binary-expr","locations":[{"start":{"line":33,"column":23},"end":{"line":33,"column":58}},{"start":{"line":33,"column":62},"end":{"line":33,"column":78}}]},"5":{"loc":{"start":{"line":35,"column":19},"end":{"line":39,"column":13}},"type":"if","locations":[{"start":{"line":35,"column":19},"end":{"line":39,"column":13}},{"start":{"line":37,"column":19},"end":{"line":39,"column":13}}]},"6":{"loc":{"start":{"line":35,"column":23},"end":{"line":35,"column":76}},"type":"binary-expr","locations":[{"start":{"line":35,"column":23},"end":{"line":35,"column":57}},{"start":{"line":35,"column":61},"end":{"line":35,"column":76}}]},"7":{"loc":{"start":{"line":37,"column":19},"end":{"line":39,"column":13}},"type":"if","locations":[{"start":{"line":37,"column":19},"end":{"line":39,"column":13}},{"start":{},"end":{}}]},"8":{"loc":{"start":{"line":37,"column":23},"end":{"line":37,"column":78}},"type":"binary-expr","locations":[{"start":{"line":37,"column":23},"end":{"line":37,"column":58}},{"start":{"line":37,"column":62},"end":{"line":37,"column":78}}]},"9":{"loc":{"start":{"line":58,"column":8},"end":{"line":66,"column":9}},"type":"if","locations":[{"start":{"line":58,"column":8},"end":{"line":66,"column":9}},{"start":{"line":60,"column":15},"end":{"line":66,"column":9}}]},"10":{"loc":{"start":{"line":59,"column":37},"end":{"line":59,"column":71}},"type":"binary-expr","locations":[{"start":{"line":59,"column":37},"end":{"line":59,"column":64}},{"start":{"line":59,"column":68},"end":{"line":59,"column":71}}]},"11":{"loc":{"start":{"line":60,"column":15},"end":{"line":66,"column":9}},"type":"if","locations":[{"start":{"line":60,"column":15},"end":{"line":66,"column":9}},{"start":{"line":62,"column":15},"end":{"line":66,"column":9}}]},"12":{"loc":{"start":{"line":61,"column":37},"end":{"line":61,"column":71}},"type":"binary-expr","locations":[{"start":{"line":61,"column":37},"end":{"line":61,"column":64}},{"start":{"line":61,"column":68},"end":{"line":61,"column":71}}]},"13":{"loc":{"start":{"line":62,"column":15},"end":{"line":66,"column":9}},"type":"if","locations":[{"start":{"line":62,"column":15},"end":{"line":66,"column":9}},{"start":{"line":64,"column":15},"end":{"line":66,"column":9}}]},"14":{"loc":{"start":{"line":63,"column":36},"end":{"line":63,"column":69}},"type":"binary-expr","locations":[{"start":{"line":63,"column":36},"end":{"line":63,"column":62}},{"start":{"line":63,"column":66},"end":{"line":63,"column":69}}]},"15":{"loc":{"start":{"line":64,"column":15},"end":{"line":66,"column":9}},"type":"if","locations":[{"start":{"line":64,"column":15},"end":{"line":66,"column":9}},{"start":{},"end":{}}]},"16":{"loc":{"start":{"line":65,"column":37},"end":{"line":65,"column":71}},"type":"binary-expr","locations":[{"start":{"line":65,"column":37},"end":{"line":65,"column":64}},{"start":{"line":65,"column":68},"end":{"line":65,"column":71}}]},"17":{"loc":{"start":{"line":117,"column":8},"end":{"line":122,"column":9}},"type":"if","locations":[{"start":{"line":117,"column":8},"end":{"line":122,"column":9}},{"start":{},"end":{}}]},"18":{"loc":{"start":{"line":117,"column":12},"end":{"line":117,"column":52}},"type":"binary-expr","locations":[{"start":{"line":117,"column":12},"end":{"line":117,"column":30}},{"start":{"line":117,"column":34},"end":{"line":117,"column":52}}]},"19":{"loc":{"start":{"line":119,"column":12},"end":{"line":121,"column":13}},"type":"if","locations":[{"start":{"line":119,"column":12},"end":{"line":121,"column":13}},{"start":{},"end":{}}]},"20":{"loc":{"start":{"line":124,"column":8},"end":{"line":129,"column":9}},"type":"if","locations":[{"start":{"line":124,"column":8},"end":{"line":129,"column":9}},{"start":{},"end":{}}]},"21":{"loc":{"start":{"line":124,"column":12},"end":{"line":124,"column":51}},"type":"binary-expr","locations":[{"start":{"line":124,"column":12},"end":{"line":124,"column":30}},{"start":{"line":124,"column":34},"end":{"line":124,"column":51}}]},"22":{"loc":{"start":{"line":126,"column":12},"end":{"line":128,"column":13}},"type":"if","locations":[{"start":{"line":126,"column":12},"end":{"line":128,"column":13}},{"start":{},"end":{}}]},"23":{"loc":{"start":{"line":146,"column":24},"end":{"line":146,"column":73}},"type":"cond-expr","locations":[{"start":{"line":146,"column":33},"end":{"line":146,"column":50}},{"start":{"line":146,"column":53},"end":{"line":146,"column":73}}]},"24":{"loc":{"start":{"line":168,"column":8},"end":{"line":170,"column":9}},"type":"if","locations":[{"start":{"line":168,"column":8},"end":{"line":170,"column":9}},{"start":{},"end":{}}]},"25":{"loc":{"start":{"line":195,"column":21},"end":{"line":195,"column":75}},"type":"binary-expr","locations":[{"start":{"line":195,"column":21},"end":{"line":195,"column":53}},{"start":{"line":195,"column":57},"end":{"line":195,"column":75}}]},"26":{"loc":{"start":{"line":196,"column":25},"end":{"line":196,"column":55}},"type":"binary-expr","locations":[{"start":{"line":196,"column":25},"end":{"line":196,"column":47}},{"start":{"line":196,"column":51},"end":{"line":196,"column":55}}]},"27":{"loc":{"start":{"line":197,"column":25},"end":{"line":197,"column":55}},"type":"binary-expr","locations":[{"start":{"line":197,"column":25},"end":{"line":197,"column":47}},{"start":{"line":197,"column":51},"end":{"line":197,"column":55}}]},"28":{"loc":{"start":{"line":198,"column":24},"end":{"line":198,"column":53}},"type":"binary-expr","locations":[{"start":{"line":198,"column":24},"end":{"line":198,"column":45}},{"start":{"line":198,"column":49},"end":{"line":198,"column":53}}]},"29":{"loc":{"start":{"line":199,"column":25},"end":{"line":199,"column":55}},"type":"binary-expr","locations":[{"start":{"line":199,"column":25},"end":{"line":199,"column":47}},{"start":{"line":199,"column":51},"end":{"line":199,"column":55}}]},"30":{"loc":{"start":{"line":200,"column":22},"end":{"line":200,"column":46}},"type":"binary-expr","locations":[{"start":{"line":200,"column":22},"end":{"line":200,"column":41}},{"start":{"line":200,"column":45},"end":{"line":200,"column":46}}]},"31":{"loc":{"start":{"line":201,"column":25},"end":{"line":201,"column":52}},"type":"binary-expr","locations":[{"start":{"line":201,"column":25},"end":{"line":201,"column":47}},{"start":{"line":201,"column":51},"end":{"line":201,"column":52}}]},"32":{"loc":{"start":{"line":202,"column":23},"end":{"line":202,"column":51}},"type":"binary-expr","locations":[{"start":{"line":202,"column":23},"end":{"line":202,"column":43}},{"start":{"line":202,"column":47},"end":{"line":202,"column":51}}]},"33":{"loc":{"start":{"line":203,"column":23},"end":{"line":203,"column":51}},"type":"binary-expr","locations":[{"start":{"line":203,"column":23},"end":{"line":203,"column":43}},{"start":{"line":203,"column":47},"end":{"line":203,"column":51}}]},"34":{"loc":{"start":{"line":204,"column":22},"end":{"line":204,"column":49}},"type":"binary-expr","locations":[{"start":{"line":204,"column":22},"end":{"line":204,"column":41}},{"start":{"line":204,"column":45},"end":{"line":204,"column":49}}]}},"s":{"0":2,"1":2,"2":2,"3":24,"4":2,"5":1,"6":5,"7":5,"8":4,"9":4,"10":4,"11":1,"12":3,"13":1,"14":2,"15":1,"16":1,"17":1,"18":5,"19":5,"20":5,"21":5,"22":5,"23":1,"24":4,"25":2,"26":2,"27":1,"28":1,"29":1,"30":5,"31":5,"32":2,"33":2,"34":2,"35":1,"36":1,"37":1,"38":1,"39":0,"40":1,"41":1,"42":1,"43":0,"44":1,"45":2,"46":2,"47":2,"48":2,"49":1,"50":0,"51":0,"52":0,"53":0,"54":0,"55":0,"56":0,"57":14,"58":2},"f":{"0":24,"1":2,"2":5,"3":5,"4":2,"5":1,"6":2,"7":1,"8":0,"9":0,"10":0,"11":14},"b":{"0":[4,1],"1":[1,3],"2":[4,1],"3":[1,2],"4":[3,1],"5":[1,1],"6":[2,1],"7":[1,0],"8":[1,1],"9":[1,4],"10":[1,1],"11":[2,2],"12":[2,1],"13":[1,1],"14":[1,1],"15":[1,0],"16":[1,1],"17":[1,0],"18":[1,1],"19":[0,1],"20":[1,0],"21":[1,1],"22":[0,1],"23":[1,1],"24":[0,0],"25":[14,0],"26":[14,3],"27":[14,8],"28":[14,11],"29":[14,12],"30":[14,0],"31":[14,0],"32":[14,12],"33":[14,14],"34":[14,14]}}
,"C:\\Users\\ASUS\\Desktop\\projects\\scalable-task-scheduler\\src\\features\\tasks\\tasks.routes.ts": {"path":"C:\\Users\\ASUS\\Desktop\\projects\\scalable-task-scheduler\\src\\features\\tasks\\tasks.routes.ts","statementMap":{"0":{"start":{"line":6,"column":0},"end":{"line":6,"column":16}},"1":{"start":{"line":1,"column":0},"end":{"line":1,"column":33}},"2":{"start":{"line":3,"column":0},"end":{"line":3,"column":76}},"3":{"start":{"line":4,"column":0},"end":{"line":4,"column":100}},"4":{"start":{"line":7,"column":19},"end":{"line":7,"column":27}},"5":{"start":{"line":57,"column":4},"end":{"line":57,"column":118}},"6":{"start":{"line":57,"column":75},"end":{"line":57,"column":116}},"7":{"start":{"line":93,"column":4},"end":{"line":95,"column":6}},"8":{"start":{"line":94,"column":8},"end":{"line":94,"column":51}},"9":{"start":{"line":131,"column":4},"end":{"line":131,"column":119}},"10":{"start":{"line":131,"column":79},"end":{"line":131,"column":117}},"11":{"start":{"line":183,"column":4},"end":{"line":185,"column":6}},"12":{"start":{"line":184,"column":8},"end":{"line":184,"column":49}},"13":{"start":{"line":220,"column":4},"end":{"line":220,"column":93}},"14":{"start":{"line":220,"column":50},"end":{"line":220,"column":91}},"15":{"start":{"line":222,"column":4},"end":{"line":222,"column":18}}},"fnMap":{"0":{"name":"createTaskRoutes","decl":{"start":{"line":6,"column":16},"end":{"line":6,"column":32}},"loc":{"start":{"line":6,"column":63},"end":{"line":223,"column":1}}},"1":{"name":"(anonymous_1)","decl":{"start":{"line":57,"column":55},"end":{"line":57,"column":56}},"loc":{"start":{"line":57,"column":75},"end":{"line":57,"column":116}}},"2":{"name":"(anonymous_2)","decl":{"start":{"line":93,"column":64},"end":{"line":93,"column":65}},"loc":{"start":{"line":94,"column":8},"end":{"line":94,"column":51}}},"3":{"name":"(anonymous_3)","decl":{"start":{"line":131,"column":59},"end":{"line":131,"column":60}},"loc":{"start":{"line":131,"column":79},"end":{"line":131,"column":117}}},"4":{"name":"(anonymous_4)","decl":{"start":{"line":183,"column":61},"end":{"line":183,"column":62}},"loc":{"start":{"line":184,"column":8},"end":{"line":184,"column":49}}},"5":{"name":"(anonymous_5)","decl":{"start":{"line":220,"column":30},"end":{"line":220,"column":31}},"loc":{"start":{"line":220,"column":50},"end":{"line":220,"column":91}}}},"branchMap":{},"s":{"0":2,"1":2,"2":2,"3":2,"4":11,"5":11,"6":1,"7":11,"8":1,"9":11,"10":1,"11":11,"12":1,"13":11,"14":1,"15":11},"f":{"0":11,"1":1,"2":1,"3":1,"4":1,"5":1},"b":{}}
,"C:\\Users\\ASUS\\Desktop\\projects\\scalable-task-scheduler\\src\\features\\tasks\\tasks.service.ts": {"path":"C:\\Users\\ASUS\\Desktop\\projects\\scalable-task-scheduler\\src\\features\\tasks\\tasks.service.ts","statementMap":{"0":{"start":{"line":5,"column":24},"end":{"line":5,"column":51}},"1":{"start":{"line":8,"column":8},"end":{"line":8,"column":43}},"2":{"start":{"line":12,"column":8},"end":{"line":12,"column":47}},"3":{"start":{"line":16,"column":8},"end":{"line":16,"column":41}},"4":{"start":{"line":20,"column":8},"end":{"line":20,"column":44}},"5":{"start":{"line":24,"column":8},"end":{"line":24,"column":52}},"6":{"start":{"line":28,"column":8},"end":{"line":28,"column":72}},"7":{"start":{"line":32,"column":8},"end":{"line":32,"column":57}},"8":{"start":{"line":36,"column":8},"end":{"line":36,"column":52}},"9":{"start":{"line":40,"column":8},"end":{"line":40,"column":71}},"10":{"start":{"line":4,"column":0},"end":{"line":4,"column":13}}},"fnMap":{"0":{"name":"(anonymous_0)","decl":{"start":{"line":5,"column":4},"end":{"line":5,"column":24}},"loc":{"start":{"line":5,"column":51},"end":{"line":5,"column":55}}},"1":{"name":"(anonymous_1)","decl":{"start":{"line":7,"column":4},"end":{"line":7,"column":9}},"loc":{"start":{"line":7,"column":39},"end":{"line":9,"column":5}}},"2":{"name":"(anonymous_2)","decl":{"start":{"line":11,"column":4},"end":{"line":11,"column":9}},"loc":{"start":{"line":11,"column":51},"end":{"line":13,"column":5}}},"3":{"name":"(anonymous_3)","decl":{"start":{"line":15,"column":4},"end":{"line":15,"column":9}},"loc":{"start":{"line":15,"column":31},"end":{"line":17,"column":5}}},"4":{"name":"(anonymous_4)","decl":{"start":{"line":19,"column":4},"end":{"line":19,"column":9}},"loc":{"start":{"line":19,"column":28},"end":{"line":21,"column":5}}},"5":{"name":"(anonymous_5)","decl":{"start":{"line":23,"column":4},"end":{"line":23,"column":9}},"loc":{"start":{"line":23,"column":37},"end":{"line":25,"column":5}}},"6":{"name":"(anonymous_6)","decl":{"start":{"line":27,"column":4},"end":{"line":27,"column":9}},"loc":{"start":{"line":27,"column":94},"end":{"line":29,"column":5}}},"7":{"name":"(anonymous_7)","decl":{"start":{"line":31,"column":4},"end":{"line":31,"column":9}},"loc":{"start":{"line":31,"column":42},"end":{"line":33,"column":5}}},"8":{"name":"(anonymous_8)","decl":{"start":{"line":35,"column":4},"end":{"line":35,"column":9}},"loc":{"start":{"line":35,"column":37},"end":{"line":37,"column":5}}},"9":{"name":"(anonymous_9)","decl":{"start":{"line":39,"column":4},"end":{"line":39,"column":9}},"loc":{"start":{"line":39,"column":64},"end":{"line":41,"column":5}}}},"branchMap":{},"s":{"0":16,"1":2,"2":1,"3":1,"4":1,"5":1,"6":1,"7":1,"8":1,"9":1,"10":2},"f":{"0":16,"1":2,"2":1,"3":1,"4":1,"5":1,"6":1,"7":1,"8":1,"9":1},"b":{}}
,"C:\\Users\\ASUS\\Desktop\\projects\\scalable-task-scheduler\\src\\features\\tasks\\tasks.types.ts": {"path":"C:\\Users\\ASUS\\Desktop\\projects\\scalable-task-scheduler\\src\\features\\tasks\\tasks.types.ts","statementMap":{"0":{"start":{"line":1,"column":0},"end":{"line":1,"column":null}},"1":{"start":{"line":2,"column":4},"end":{"line":2,"column":null}},"2":{"start":{"line":3,"column":4},"end":{"line":3,"column":null}},"3":{"start":{"line":4,"column":4},"end":{"line":4,"column":null}},"4":{"start":{"line":5,"column":4},"end":{"line":5,"column":null}},"5":{"start":{"line":6,"column":4},"end":{"line":6,"column":null}},"6":{"start":{"line":7,"column":4},"end":{"line":7,"column":null}}},"fnMap":{"0":{"name":"(anonymous_0)","decl":{"start":{"line":1,"column":0},"end":{"line":1,"column":12}},"loc":{"start":{"line":1,"column":22},"end":{"line":8,"column":1}}}},"branchMap":{"0":{"loc":{"start":{"line":1,"column":12},"end":{"line":1,"column":null}},"type":"binary-expr","locations":[{"start":{"line":1,"column":12},"end":{"line":1,"column":22}},{"start":{"line":1,"column":22},"end":{"line":1,"column":null}}]}},"s":{"0":5,"1":5,"2":5,"3":5,"4":5,"5":5,"6":5},"f":{"0":5},"b":{"0":[5,5]}}
,"C:\\Users\\ASUS\\Desktop\\projects\\scalable-task-scheduler\\src\\features\\tasks\\tasks.validators.ts": {"path":"C:\\Users\\ASUS\\Desktop\\projects\\scalable-task-scheduler\\src\\features\\tasks\\tasks.validators.ts","statementMap":{"0":{"start":{"line":1,"column":0},"end":{"line":1,"column":24}},"1":{"start":{"line":3,"column":13},"end":{"line":7,"column":3}},"2":{"start":{"line":9,"column":13},"end":{"line":12,"column":3}},"3":{"start":{"line":14,"column":13},"end":{"line":16,"column":3}},"4":{"start":{"line":18,"column":13},"end":{"line":20,"column":3}}},"fnMap":{},"branchMap":{},"s":{"0":3,"1":3,"2":3,"3":3,"4":3},"f":{},"b":{}}
,"C:\\Users\\ASUS\\Desktop\\projects\\scalable-task-scheduler\\src\\shared\\cache\\cache.service.ts": {"path":"C:\\Users\\ASUS\\Desktop\\projects\\scalable-task-scheduler\\src\\shared\\cache\\cache.service.ts","statementMap":{"0":{"start":{"line":3,"column":0},"end":{"line":3,"column":60}},"1":{"start":{"line":8,"column":16},"end":{"line":8,"column":32}},"2":{"start":{"line":9,"column":16},"end":{"line":9,"column":28}},"3":{"start":{"line":13,"column":8},"end":{"line":13,"column":39}},"4":{"start":{"line":13,"column":27},"end":{"line":13,"column":39}},"5":{"start":{"line":15,"column":22},"end":{"line":15,"column":47}},"6":{"start":{"line":17,"column":8},"end":{"line":23,"column":9}},"7":{"start":{"line":18,"column":12},"end":{"line":18,"column":44}},"8":{"start":{"line":19,"column":12},"end":{"line":19,"column":42}},"9":{"start":{"line":21,"column":12},"end":{"line":21,"column":45}},"10":{"start":{"line":22,"column":12},"end":{"line":22,"column":24}},"11":{"start":{"line":27,"column":8},"end":{"line":27,"column":34}},"12":{"start":{"line":27,"column":27},"end":{"line":27,"column":34}},"13":{"start":{"line":29,"column":21},"end":{"line":29,"column":42}},"14":{"start":{"line":30,"column":8},"end":{"line":34,"column":9}},"15":{"start":{"line":31,"column":12},"end":{"line":31,"column":55}},"16":{"start":{"line":33,"column":12},"end":{"line":33,"column":44}},"17":{"start":{"line":38,"column":8},"end":{"line":38,"column":34}},"18":{"start":{"line":38,"column":27},"end":{"line":38,"column":34}},"19":{"start":{"line":39,"column":8},"end":{"line":39,"column":34}},"20":{"start":{"line":6,"column":0},"end":{"line":6,"column":13}}},"fnMap":{"0":{"name":"(anonymous_0)","decl":{"start":{"line":7,"column":4},"end":{"line":7,"column":null}},"loc":{"start":{"line":9,"column":28},"end":{"line":10,"column":9}}},"1":{"name":"(anonymous_1)","decl":{"start":{"line":12,"column":4},"end":{"line":12,"column":9}},"loc":{"start":{"line":12,"column":28},"end":{"line":24,"column":5}}},"2":{"name":"(anonymous_2)","decl":{"start":{"line":26,"column":4},"end":{"line":26,"column":9}},"loc":{"start":{"line":26,"column":51},"end":{"line":35,"column":5}}},"3":{"name":"(anonymous_3)","decl":{"start":{"line":37,"column":4},"end":{"line":37,"column":9}},"loc":{"start":{"line":37,"column":25},"end":{"line":40,"column":5}}}},"branchMap":{"0":{"loc":{"start":{"line":13,"column":8},"end":{"line":13,"column":39}},"type":"if","locations":[{"start":{"line":13,"column":8},"end":{"line":13,"column":39}},{"start":{},"end":{}}]},"1":{"loc":{"start":{"line":17,"column":8},"end":{"line":23,"column":9}},"type":"if","locations":[{"start":{"line":17,"column":8},"end":{"line":23,"column":9}},{"start":{"line":20,"column":15},"end":{"line":23,"column":9}}]},"2":{"loc":{"start":{"line":27,"column":8},"end":{"line":27,"column":34}},"type":"if","locations":[{"start":{"line":27,"column":8},"end":{"line":27,"column":34}},{"start":{},"end":{}}]},"3":{"loc":{"start":{"line":30,"column":8},"end":{"line":34,"column":9}},"type":"if","locations":[{"start":{"line":30,"column":8},"end":{"line":34,"column":9}},{"start":{"line":32,"column":15},"end":{"line":34,"column":9}}]},"4":{"loc":{"start":{"line":30,"column":12},"end":{"line":30,"column":26}},"type":"binary-expr","locations":[{"start":{"line":30,"column":12},"end":{"line":30,"column":15}},{"start":{"line":30,"column":19},"end":{"line":30,"column":26}}]},"5":{"loc":{"start":{"line":38,"column":8},"end":{"line":38,"column":34}},"type":"if","locations":[{"start":{"line":38,"column":8},"end":{"line":38,"column":34}},{"start":{},"end":{}}]}},"s":{"0":1,"1":4,"2":4,"3":2,"4":1,"5":1,"6":1,"7":1,"8":1,"9":0,"10":0,"11":3,"12":1,"13":2,"14":2,"15":1,"16":1,"17":2,"18":1,"19":1,"20":1},"f":{"0":4,"1":2,"2":3,"3":2},"b":{"0":[1,1],"1":[1,0],"2":[1,2],"3":[1,1],"4":[2,1],"5":[1,1]}}
,"C:\\Users\\ASUS\\Desktop\\projects\\scalable-task-scheduler\\src\\shared\\config\\errors.ts": {"path":"C:\\Users\\ASUS\\Desktop\\projects\\scalable-task-scheduler\\src\\shared\\config\\errors.ts","statementMap":{"0":{"start":{"line":1,"column":0},"end":{"line":1,"column":48}},"1":{"start":{"line":18,"column":8},"end":{"line":18,"column":23}},"2":{"start":{"line":19,"column":8},"end":{"line":19,"column":25}},"3":{"start":{"line":20,"column":8},"end":{"line":20,"column":29}},"4":{"start":{"line":21,"column":8},"end":{"line":21,"column":43}},"5":{"start":{"line":23,"column":8},"end":{"line":25,"column":9}},"6":{"start":{"line":24,"column":12},"end":{"line":24,"column":60}},"7":{"start":{"line":7,"column":0},"end":{"line":7,"column":13}},"8":{"start":{"line":34,"column":24},"end":{"line":34,"column":88}},"9":{"start":{"line":35,"column":8},"end":{"line":35,"column":63}},"10":{"start":{"line":32,"column":0},"end":{"line":32,"column":13}},"11":{"start":{"line":44,"column":8},"end":{"line":44,"column":67}},"12":{"start":{"line":45,"column":8},"end":{"line":47,"column":9}},"13":{"start":{"line":46,"column":13},"end":{"line":46,"column":44}},"14":{"start":{"line":42,"column":0},"end":{"line":42,"column":13}}},"fnMap":{"0":{"name":"(anonymous_0)","decl":{"start":{"line":12,"column":4},"end":{"line":12,"column":null}},"loc":{"start":{"line":16,"column":37},"end":{"line":26,"column":5}}},"1":{"name":"(anonymous_1)","decl":{"start":{"line":33,"column":4},"end":{"line":33,"column":16}},"loc":{"start":{"line":33,"column":43},"end":{"line":36,"column":5}}},"2":{"name":"(anonymous_2)","decl":{"start":{"line":43,"column":4},"end":{"line":43,"column":16}},"loc":{"start":{"line":43,"column":46},"end":{"line":48,"column":5}}}},"branchMap":{"0":{"loc":{"start":{"line":15,"column":8},"end":{"line":15,"column":58}},"type":"default-arg","locations":[{"start":{"line":15,"column":25},"end":{"line":15,"column":58}}]},"1":{"loc":{"start":{"line":16,"column":8},"end":{"line":16,"column":37}},"type":"default-arg","locations":[{"start":{"line":16,"column":33},"end":{"line":16,"column":37}}]},"2":{"loc":{"start":{"line":23,"column":8},"end":{"line":25,"column":9}},"type":"if","locations":[{"start":{"line":23,"column":8},"end":{"line":25,"column":9}},{"start":{},"end":{}}]},"3":{"loc":{"start":{"line":34,"column":24},"end":{"line":34,"column":88}},"type":"cond-expr","locations":[{"start":{"line":34,"column":29},"end":{"line":34,"column":64}},{"start":{"line":34,"column":67},"end":{"line":34,"column":88}}]},"4":{"loc":{"start":{"line":45,"column":8},"end":{"line":47,"column":9}},"type":"if","locations":[{"start":{"line":45,"column":8},"end":{"line":47,"column":9}},{"start":{},"end":{}}]}},"s":{"0":8,"1":10,"2":10,"3":10,"4":10,"5":10,"6":10,"7":8,"8":1,"9":1,"10":8,"11":9,"12":9,"13":9,"14":8},"f":{"0":10,"1":1,"2":9},"b":{"0":[0],"1":[10],"2":[10,0],"3":[1,0],"4":[9,0]}}
,"C:\\Users\\ASUS\\Desktop\\projects\\scalable-task-scheduler\\src\\shared\\health\\readiness.ts": {"path":"C:\\Users\\ASUS\\Desktop\\projects\\scalable-task-scheduler\\src\\shared\\health\\readiness.ts","statementMap":{"0":{"start":{"line":1,"column":0},"end":{"line":1,"column":45}},"1":{"start":{"line":2,"column":0},"end":{"line":2,"column":43}},"2":{"start":{"line":3,"column":0},"end":{"line":3,"column":46}},"3":{"start":{"line":4,"column":0},"end":{"line":4,"column":37}},"4":{"start":{"line":30,"column":8},"end":{"line":30,"column":35}},"5":{"start":{"line":31,"column":8},"end":{"line":31,"column":33}},"6":{"start":{"line":32,"column":8},"end":{"line":32,"column":40}},"7":{"start":{"line":36,"column":42},"end":{"line":40,"column":10}},"8":{"start":{"line":42,"column":8},"end":{"line":66,"column":9}},"9":{"start":{"line":43,"column":12},"end":{"line":43,"column":57}},"10":{"start":{"line":44,"column":12},"end":{"line":44,"column":51}},"11":{"start":{"line":45,"column":12},"end":{"line":45,"column":57}},"12":{"start":{"line":47,"column":31},"end":{"line":47,"column":68}},"13":{"start":{"line":47,"column":66},"end":{"line":47,"column":67}},"14":{"start":{"line":49,"column":12},"end":{"line":53,"column":14}},"15":{"start":{"line":55,"column":12},"end":{"line":58,"column":15}},"16":{"start":{"line":60,"column":12},"end":{"line":65,"column":14}},"17":{"start":{"line":70,"column":8},"end":{"line":78,"column":9}},"18":{"start":{"line":71,"column":12},"end":{"line":71,"column":50}},"19":{"start":{"line":72,"column":12},"end":{"line":72,"column":24}},"20":{"start":{"line":74,"column":12},"end":{"line":76,"column":15}},"21":{"start":{"line":77,"column":12},"end":{"line":77,"column":25}},"22":{"start":{"line":82,"column":8},"end":{"line":90,"column":9}},"23":{"start":{"line":83,"column":27},"end":{"line":83,"column":50}},"24":{"start":{"line":84,"column":12},"end":{"line":84,"column":37}},"25":{"start":{"line":86,"column":12},"end":{"line":88,"column":15}},"26":{"start":{"line":89,"column":12},"end":{"line":89,"column":25}},"27":{"start":{"line":94,"column":8},"end":{"line":102,"column":9}},"28":{"start":{"line":95,"column":28},"end":{"line":95,"column":65}},"29":{"start":{"line":96,"column":12},"end":{"line":96,"column":61}},"30":{"start":{"line":98,"column":12},"end":{"line":100,"column":15}},"31":{"start":{"line":101,"column":12},"end":{"line":101,"column":25}},"32":{"start":{"line":20,"column":0},"end":{"line":20,"column":13}}},"fnMap":{"0":{"name":"(anonymous_0)","decl":{"start":{"line":25,"column":4},"end":{"line":25,"column":null}},"loc":{"start":{"line":28,"column":34},"end":{"line":33,"column":5}}},"1":{"name":"(anonymous_1)","decl":{"start":{"line":35,"column":4},"end":{"line":35,"column":9}},"loc":{"start":{"line":35,"column":15},"end":{"line":67,"column":5}}},"2":{"name":"(anonymous_2)","decl":{"start":{"line":47,"column":59},"end":{"line":47,"column":60}},"loc":{"start":{"line":47,"column":66},"end":{"line":47,"column":67}}},"3":{"name":"(anonymous_3)","decl":{"start":{"line":69,"column":12},"end":{"line":69,"column":17}},"loc":{"start":{"line":69,"column":31},"end":{"line":79,"column":5}}},"4":{"name":"(anonymous_4)","decl":{"start":{"line":81,"column":12},"end":{"line":81,"column":17}},"loc":{"start":{"line":81,"column":28},"end":{"line":91,"column":5}}},"5":{"name":"(anonymous_5)","decl":{"start":{"line":93,"column":12},"end":{"line":93,"column":17}},"loc":{"start":{"line":93,"column":31},"end":{"line":103,"column":5}}}},"branchMap":{"0":{"loc":{"start":{"line":26,"column":8},"end":{"line":26,"column":29}},"type":"default-arg","locations":[{"start":{"line":26,"column":23},"end":{"line":26,"column":29}}]},"1":{"loc":{"start":{"line":27,"column":8},"end":{"line":27,"column":27}},"type":"default-arg","locations":[{"start":{"line":27,"column":22},"end":{"line":27,"column":27}}]},"2":{"loc":{"start":{"line":28,"column":8},"end":{"line":28,"column":34}},"type":"default-arg","locations":[{"start":{"line":28,"column":24},"end":{"line":28,"column":34}}]},"3":{"loc":{"start":{"line":56,"column":23},"end":{"line":56,"column":79}},"type":"cond-expr","locations":[{"start":{"line":56,"column":48},"end":{"line":56,"column":61}},{"start":{"line":56,"column":64},"end":{"line":56,"column":79}}]},"4":{"loc":{"start":{"line":63,"column":23},"end":{"line":63,"column":79}},"type":"cond-expr","locations":[{"start":{"line":63,"column":48},"end":{"line":63,"column":61}},{"start":{"line":63,"column":64},"end":{"line":63,"column":79}}]},"5":{"loc":{"start":{"line":75,"column":23},"end":{"line":75,"column":79}},"type":"cond-expr","locations":[{"start":{"line":75,"column":48},"end":{"line":75,"column":61}},{"start":{"line":75,"column":64},"end":{"line":75,"column":79}}]},"6":{"loc":{"start":{"line":87,"column":23},"end":{"line":87,"column":79}},"type":"cond-expr","locations":[{"start":{"line":87,"column":48},"end":{"line":87,"column":61}},{"start":{"line":87,"column":64},"end":{"line":87,"column":79}}]},"7":{"loc":{"start":{"line":96,"column":19},"end":{"line":96,"column":60}},"type":"binary-expr","locations":[{"start":{"line":96,"column":19},"end":{"line":96,"column":35}},{"start":{"line":96,"column":39},"end":{"line":96,"column":60}}]},"8":{"loc":{"start":{"line":99,"column":23},"end":{"line":99,"column":79}},"type":"cond-expr","locations":[{"start":{"line":99,"column":48},"end":{"line":99,"column":61}},{"start":{"line":99,"column":64},"end":{"line":99,"column":79}}]}},"s":{"0":1,"1":1,"2":1,"3":1,"4":4,"5":4,"6":4,"7":4,"8":4,"9":4,"10":4,"11":4,"12":4,"13":7,"14":4,"15":0,"16":0,"17":4,"18":4,"19":2,"20":2,"21":2,"22":4,"23":4,"24":2,"25":2,"26":2,"27":4,"28":4,"29":3,"30":1,"31":1,"32":1},"f":{"0":4,"1":4,"2":7,"3":4,"4":4,"5":4},"b":{"0":[0],"1":[0],"2":[0],"3":[0,0],"4":[0,0],"5":[2,0],"6":[2,0],"7":[3,3],"8":[1,0]}}
,"C:\\Users\\ASUS\\Desktop\\projects\\scalable-task-scheduler\\src\\shared\\metrics\\metrics.service.ts": {"path":"C:\\Users\\ASUS\\Desktop\\projects\\scalable-task-scheduler\\src\\shared\\metrics\\metrics.service.ts","statementMap":{"0":{"start":{"line":1,"column":0},"end":{"line":1,"column":89}},"1":{"start":{"line":2,"column":0},"end":{"line":2,"column":37}},"2":{"start":{"line":23,"column":8},"end":{"line":23,"column":39}},"3":{"start":{"line":26,"column":8},"end":{"line":26,"column":59}},"4":{"start":{"line":28,"column":8},"end":{"line":34,"column":11}},"5":{"start":{"line":36,"column":8},"end":{"line":41,"column":11}},"6":{"start":{"line":43,"column":8},"end":{"line":48,"column":11}},"7":{"start":{"line":50,"column":8},"end":{"line":55,"column":11}},"8":{"start":{"line":57,"column":8},"end":{"line":62,"column":11}},"9":{"start":{"line":64,"column":8},"end":{"line":69,"column":11}},"10":{"start":{"line":71,"column":8},"end":{"line":77,"column":11}},"11":{"start":{"line":79,"column":8},"end":{"line":79,"column":62}},"12":{"start":{"line":83,"column":8},"end":{"line":83,"column":106}},"13":{"start":{"line":85,"column":8},"end":{"line":87,"column":9}},"14":{"start":{"line":86,"column":12},"end":{"line":86,"column":94}},"15":{"start":{"line":91,"column":8},"end":{"line":91,"column":55}},"16":{"start":{"line":96,"column":8},"end":{"line":96,"column":56}},"17":{"start":{"line":4,"column":0},"end":{"line":4,"column":13}},"18":{"start":{"line":100,"column":13},"end":{"line":100,"column":51}}},"fnMap":{"0":{"name":"(anonymous_0)","decl":{"start":{"line":22,"column":4},"end":{"line":22,"column":null}},"loc":{"start":{"line":22,"column":4},"end":{"line":80,"column":5}}},"1":{"name":"(anonymous_1)","decl":{"start":{"line":82,"column":11},"end":{"line":82,"column":28}},"loc":{"start":{"line":82,"column":96},"end":{"line":88,"column":5}}},"2":{"name":"(anonymous_2)","decl":{"start":{"line":90,"column":11},"end":{"line":90,"column":25}},"loc":{"start":{"line":90,"column":25},"end":{"line":92,"column":5}}},"3":{"name":"(anonymous_3)","decl":{"start":{"line":95,"column":11},"end":{"line":95,"column":26}},"loc":{"start":{"line":95,"column":26},"end":{"line":97,"column":5}}}},"branchMap":{"0":{"loc":{"start":{"line":85,"column":8},"end":{"line":87,"column":9}},"type":"if","locations":[{"start":{"line":85,"column":8},"end":{"line":87,"column":9}},{"start":{},"end":{}}]}},"s":{"0":7,"1":7,"2":10,"3":10,"4":10,"5":10,"6":10,"7":10,"8":10,"9":10,"10":10,"11":10,"12":2,"13":2,"14":1,"15":2,"16":1,"17":7,"18":7},"f":{"0":10,"1":2,"2":2,"3":1},"b":{"0":[1,1]}}
[...]
,"C:\\Users\\ASUS\\Desktop\\projects\\scalable-task-scheduler\\src\\shared\\queue\\scheduler\\worker-scheduler.ts": {"path":"C:\\Users\\ASUS\\Desktop\\projects\\scalable-task-scheduler\\src\\shared\\queue\\scheduler\\worker-scheduler.ts","statementMap":{"0":{"start":{"line":1,"column":0},"end":{"line":1,"column":32}},"1":{"start":{"line":2,"column":0},"end":{"line":2,"column":46}},"2":{"start":{"line":3,"column":0},"end":{"line":3,"column":40}},"3":{"start":{"line":17,"column":33},"end":{"line":17,"column":56}},"4":{"start":{"line":15,"column":12},"end":{"line":15,"column":35}},"5":{"start":{"line":20,"column":24},"end":{"line":20,"column":43}},"6":{"start":{"line":22,"column":8},"end":{"line":55,"column":9}},"7":{"start":{"line":23,"column":31},"end":{"line":23,"column":65}},"8":{"start":{"line":24,"column":12},"end":{"line":26,"column":13}},"9":{"start":{"line":25,"column":16},"end":{"line":25,"column":55}},"10":{"start":{"line":28,"column":32},"end":{"line":28,"column":86}},"11":{"start":{"line":28,"column":66},"end":{"line":28,"column":84}},"12":{"start":{"line":30,"column":27},"end":{"line":51,"column":null}},"13":{"start":{"line":33,"column":35},"end":{"line":33,"column":59}},"14":{"start":{"line":35,"column":20},"end":{"line":38,"column":21}},"15":{"start":{"line":36,"column":24},"end":{"line":36,"column":81}},"16":{"start":{"line":37,"column":24},"end":{"line":37,"column":31}},"17":{"start":{"line":40,"column":20},"end":{"line":46,"column":21}},"18":{"start":{"line":41,"column":24},"end":{"line":41,"column":55}},"19":{"start":{"line":42,"column":24},"end":{"line":42,"column":71}},"20":{"start":{"line":44,"column":24},"end":{"line":44,"column":79}},"21":{"start":{"line":45,"column":24},"end":{"line":45,"column":34}},"22":{"start":{"line":54,"column":12},"end":{"line":54,"column":38}},"23":{"start":{"line":59,"column":8},"end":{"line":66,"column":10}},"24":{"start":{"line":61,"column":16},"end":{"line":61,"column":57}},"25":{"start":{"line":61,"column":37},"end":{"line":61,"column":57}},"26":{"start":{"line":62,"column":16},"end":{"line":62,"column":41}},"27":{"start":{"line":63,"column":16},"end":{"line":63,"column":27}},"28":{"start":{"line":14,"column":0},"end":{"line":14,"column":13}}},"fnMap":{"0":{"name":"(anonymous_0)","decl":{"start":{"line":17,"column":4},"end":{"line":17,"column":33}},"loc":{"start":{"line":17,"column":56},"end":{"line":17,"column":60}}},"1":{"name":"(anonymous_1)","decl":{"start":{"line":19,"column":4},"end":{"line":19,"column":7}},"loc":{"start":{"line":19,"column":7},"end":{"line":56,"column":5}}},"2":{"name":"(anonymous_2)","decl":{"start":{"line":28,"column":59},"end":{"line":28,"column":60}},"loc":{"start":{"line":28,"column":66},"end":{"line":28,"column":84}}},"3":{"name":"(anonymous_3)","decl":{"start":{"line":32,"column":16},"end":{"line":32,"column":21}},"loc":{"start":{"line":32,"column":30},"end":{"line":47,"column":17}}},"4":{"name":"(anonymous_4)","decl":{"start":{"line":58,"column":12},"end":{"line":58,"column":24}},"loc":{"start":{"line":58,"column":24},"end":{"line":67,"column":5}}},"5":{"name":"(anonymous_5)","decl":{"start":{"line":60,"column":12},"end":{"line":60,"column":13}},"loc":{"start":{"line":60,"column":25},"end":{"line":64,"column":13}}}},"branchMap":{"0":{"loc":{"start":{"line":28,"column":66},"end":{"line":28,"column":84}},"type":"binary-expr","locations":[{"start":{"line":28,"column":66},"end":{"line":28,"column":79}},{"start":{"line":28,"column":83},"end":{"line":28,"column":84}}]},"1":{"loc":{"start":{"line":35,"column":20},"end":{"line":38,"column":21}},"type":"if","locations":[{"start":{"line":35,"column":20},"end":{"line":38,"column":21}},{"start":{},"end":{}}]},"2":{"loc":{"start":{"line":61,"column":16},"end":{"line":61,"column":57}},"type":"if","locations":[{"start":{"line":61,"column":16},"end":{"line":61,"column":57}},{"start":{},"end":{}}]}},"s":{"0":1,"1":1,"2":1,"3":5,"4":5,"5":5,"6":5,"7":6,"8":6,"9":7,"10":6,"11":7,"12":6,"13":3,"14":3,"15":1,"16":1,"17":2,"18":2,"19":1,"20":1,"21":1,"22":6,"23":5,"24":7,"25":6,"26":7,"27":7,"28":1},"f":{"0":5,"1":5,"2":7,"3":3,"4":5,"5":7},"b":{"0":[7,0],"1":[1,2],"2":[6,1]}}
,"C:\\Users\\ASUS\\Desktop\\projects\\scalable-task-scheduler\\src\\shared\\queue\\tasks\\rabbitTaskQueue.ts": {"path":"C:\\Users\\ASUS\\Desktop\\projects\\scalable-task-scheduler\\src\\shared\\queue\\tasks\\rabbitTaskQueue.ts","statementMap":{"0":{"start":{"line":2,"column":0},"end":{"line":2,"column":72}},"1":{"start":{"line":3,"column":0},"end":{"line":3,"column":40}},"2":{"start":{"line":7,"column":25},"end":{"line":7,"column":39}},"3":{"start":{"line":8,"column":25},"end":{"line":8,"column":41}},"4":{"start":{"line":12,"column":24},"end":{"line":12,"column":58}},"5":{"start":{"line":13,"column":8},"end":{"line":17,"column":11}},"6":{"start":{"line":19,"column":8},"end":{"line":19,"column":51}},"7":{"start":{"line":21,"column":8},"end":{"line":23,"column":11}},"8":{"start":{"line":25,"column":8},"end":{"line":25,"column":66}},"9":{"start":{"line":29,"column":24},"end":{"line":29,"column":58}},"10":{"start":{"line":30,"column":8},"end":{"line":34,"column":11}},"11":{"start":{"line":36,"column":8},"end":{"line":36,"column":34}},"12":{"start":{"line":39,"column":8},"end":{"line":61,"column":11}},"13":{"start":{"line":40,"column":12},"end":{"line":40,"column":29}},"14":{"start":{"line":40,"column":22},"end":{"line":40,"column":29}},"15":{"start":{"line":42,"column":12},"end":{"line":60,"column":13}},"16":{"start":{"line":43,"column":29},"end":{"line":43,"column":63}},"17":{"start":{"line":45,"column":32},"end":{"line":45,"column":60}},"18":{"start":{"line":46,"column":31},"end":{"line":46,"column":89}},"19":{"start":{"line":47,"column":35},"end":{"line":47,"column":58}},"20":{"start":{"line":49,"column":16},"end":{"line":53,"column":17}},"21":{"start":{"line":50,"column":20},"end":{"line":50,"column":79}},"22":{"start":{"line":51,"column":20},"end":{"line":51,"column":52}},"23":{"start":{"line":52,"column":20},"end":{"line":52,"column":27}},"24":{"start":{"line":55,"column":16},"end":{"line":55,"column":36}},"25":{"start":{"line":56,"column":16},"end":{"line":56,"column":33}},"26":{"start":{"line":58,"column":16},"end":{"line":58,"column":84}},"27":{"start":{"line":59,"column":16},"end":{"line":59,"column":47}},"28":{"start":{"line":63,"column":8},"end":{"line":63,"column":58}},"29":{"start":{"line":5,"column":0},"end":{"line":5,"column":13}}},"fnMap":{"0":{"name":"(anonymous_0)","decl":{"start":{"line":6,"column":4},"end":{"line":6,"column":null}},"loc":{"start":{"line":8,"column":62},"end":{"line":9,"column":8}}},"1":{"name":"(anonymous_1)","decl":{"start":{"line":11,"column":4},"end":{"line":11,"column":9}},"loc":{"start":{"line":11,"column":43},"end":{"line":26,"column":5}}},"2":{"name":"(anonymous_2)","decl":{"start":{"line":28,"column":4},"end":{"line":28,"column":9}},"loc":{"start":{"line":28,"column":71},"end":{"line":64,"column":5}}},"3":{"name":"(anonymous_3)","decl":{"start":{"line":39,"column":31},"end":{"line":39,"column":36}},"loc":{"start":{"line":39,"column":45},"end":{"line":61,"column":9}}}},"branchMap":{"0":{"loc":{"start":{"line":7,"column":25},"end":{"line":7,"column":48}},"type":"default-arg","locations":[{"start":{"line":7,"column":39},"end":{"line":7,"column":48}}]},"1":{"loc":{"start":{"line":8,"column":25},"end":{"line":8,"column":62}},"type":"default-arg","locations":[{"start":{"line":8,"column":41},"end":{"line":8,"column":62}}]},"2":{"loc":{"start":{"line":40,"column":12},"end":{"line":40,"column":29}},"type":"if","locations":[{"start":{"line":40,"column":12},"end":{"line":40,"column":29}},{"start":{},"end":{}}]},"3":{"loc":{"start":{"line":45,"column":32},"end":{"line":45,"column":60}},"type":"binary-expr","locations":[{"start":{"line":45,"column":32},"end":{"line":45,"column":54}},{"start":{"line":45,"column":58},"end":{"line":45,"column":60}}]},"4":{"loc":{"start":{"line":47,"column":35},"end":{"line":47,"column":58}},"type":"binary-expr","locations":[{"start":{"line":47,"column":35},"end":{"line":47,"column":53}},{"start":{"line":47,"column":57},"end":{"line":47,"column":58}}]},"5":{"loc":{"start":{"line":49,"column":16},"end":{"line":53,"column":17}},"type":"if","locations":[{"start":{"line":49,"column":16},"end":{"line":53,"column":17}},{"start":{},"end":{}}]}},"s":{"0":1,"1":1,"2":5,"3":5,"4":1,"5":1,"6":1,"7":1,"8":1,"9":4,"10":4,"11":4,"12":4,"13":4,"14":0,"15":4,"16":4,"17":3,"18":3,"19":3,"20":3,"21":1,"22":1,"23":1,"24":2,"25":1,"26":2,"27":2,"28":4,"29":1},"f":{"0":5,"1":1,"2":4,"3":4},"b":{"0":[0],"1":[5],"2":[0,4],"3":[3,0],"4":[3,2],"5":[1,2]}}
,"C:\\Users\\ASUS\\Desktop\\projects\\scalable-task-scheduler\\src\\shared\\utils\\logger.ts": {"path":"C:\\Users\\ASUS\\Desktop\\projects\\scalable-task-scheduler\\src\\shared\\utils\\logger.ts","statementMap":{"0":{"start":{"line":1,"column":0},"end":{"line":1,"column":30}},"1":{"start":{"line":2,"column":0},"end":{"line":2,"column":63}},"2":{"start":{"line":4,"column":0},"end":{"line":4,"column":86}},"3":{"start":{"line":6,"column":16},"end":{"line":6,"column":41}},"4":{"start":{"line":28,"column":4},"end":{"line":28,"column":67}},"5":{"start":{"line":28,"column":51},"end":{"line":28,"column":67}},"6":{"start":{"line":29,"column":4},"end":{"line":29,"column":90}},"7":{"start":{"line":36,"column":41},"end":{"line":45,"column":10}},"8":{"start":{"line":46,"column":8},"end":{"line":46,"column":104}},"9":{"start":{"line":47,"column":8},"end":{"line":65,"column":11}},"10":{"start":{"line":61,"column":24},"end":{"line":61,"column":115}},"11":{"start":{"line":67,"column":8},"end":{"line":69,"column":11}},"12":{"start":{"line":68,"column":12},"end":{"line":68,"column":56}},"13":{"start":{"line":73,"column":8},"end":{"line":73,"column":41}},"14":{"start":{"line":73,"column":24},"end":{"line":73,"column":41}},"15":{"start":{"line":75,"column":27},"end":{"line":75,"column":48}},"16":{"start":{"line":77,"column":26},"end":{"line":77,"column":72}},"17":{"start":{"line":77,"column":52},"end":{"line":77,"column":71}},"18":{"start":{"line":79,"column":8},"end":{"line":79,"column":41}},"19":{"start":{"line":79,"column":24},"end":{"line":79,"column":41}},"20":{"start":{"line":81,"column":22},"end":{"line":81,"column":103}},"21":{"start":{"line":83,"column":8},"end":{"line":83,"column":37}},"22":{"start":{"line":83,"column":20},"end":{"line":83,"column":37}},"23":{"start":{"line":85,"column":43},"end":{"line":85,"column":48}},"24":{"start":{"line":87,"column":8},"end":{"line":87,"column":69}},"25":{"start":{"line":91,"column":8},"end":{"line":91,"column":47}},"26":{"start":{"line":91,"column":33},"end":{"line":91,"column":47}},"27":{"start":{"line":92,"column":8},"end":{"line":92,"column":21}},"28":{"start":{"line":96,"column":8},"end":{"line":99,"column":9}},"29":{"start":{"line":97,"column":12},"end":{"line":97,"column":47}},"30":{"start":{"line":98,"column":12},"end":{"line":98,"column":35}},"31":{"start":{"line":102,"column":8},"end":{"line":105,"column":9}},"32":{"start":{"line":103,"column":26},"end":{"line":103,"column":44}},"33":{"start":{"line":104,"column":12},"end":{"line":104,"column":49}},"34":{"start":{"line":107,"column":8},"end":{"line":109,"column":9}},"35":{"start":{"line":108,"column":12},"end":{"line":108,"column":42}},"36":{"start":{"line":111,"column":8},"end":{"line":111,"column":89}},"37":{"start":{"line":115,"column":8},"end":{"line":115,"column":67}},"38":{"start":{"line":119,"column":8},"end":{"line":119,"column":69}},"39":{"start":{"line":123,"column":8},"end":{"line":123,"column":66}},"40":{"start":{"line":127,"column":8},"end":{"line":127,"column":67}},"41":{"start":{"line":131,"column":8},"end":{"line":131,"column":69}},"42":{"start":{"line":135,"column":8},"end":{"line":135,"column":72}},"43":{"start":{"line":139,"column":8},"end":{"line":139,"column":67}},"44":{"start":{"line":143,"column":15},"end":{"line":143,"column":27}},"45":{"start":{"line":144,"column":0},"end":{"line":144,"column":22}},"46":{"start":{"line":147,"column":6},"end":{"line":147,"column":83}}},"fnMap":{"0":{"name":"stringifyMetaData","decl":{"start":{"line":27,"column":9},"end":{"line":27,"column":26}},"loc":{"start":{"line":27,"column":57},"end":{"line":30,"column":1}}},"1":{"name":"(anonymous_1)","decl":{"start":{"line":35,"column":4},"end":{"line":35,"column":null}},"loc":{"start":{"line":35,"column":4},"end":{"line":70,"column":5}}},"2":{"name":"(anonymous_2)","decl":{"start":{"line":46,"column":46},"end":{"line":46,"column":56}},"loc":{"start":{"line":46,"column":98},"end":{"line":46,"column":102}}},"3":{"name":"(anonymous_3)","decl":{"start":{"line":54,"column":20},"end":{"line":54,"column":21}},"loc":{"start":{"line":60,"column":77},"end":{"line":62,"column":21}}},"4":{"name":"(anonymous_4)","decl":{"start":{"line":67,"column":32},"end":{"line":67,"column":33}},"loc":{"start":{"line":67,"column":47},"end":{"line":69,"column":9}}},"5":{"name":"(anonymous_5)","decl":{"start":{"line":72,"column":12},"end":{"line":72,"column":24}},"loc":{"start":{"line":72,"column":35},"end":{"line":88,"column":5}}},"6":{"name":"(anonymous_6)","decl":{"start":{"line":77,"column":42},"end":{"line":77,"column":43}},"loc":{"start":{"line":77,"column":52},"end":{"line":77,"column":71}}},"7":{"name":"(anonymous_7)","decl":{"start":{"line":90,"column":12},"end":{"line":90,"column":26}},"loc":{"start":{"line":90,"column":40},"end":{"line":93,"column":5}}},"8":{"name":"(anonymous_8)","decl":{"start":{"line":95,"column":4},"end":{"line":95,"column":12}},"loc":{"start":{"line":95,"column":82},"end":{"line":112,"column":5}}},"9":{"name":"(anonymous_9)","decl":{"start":{"line":114,"column":4},"end":{"line":114,"column":9}},"loc":{"start":{"line":114,"column":65},"end":{"line":116,"column":5}}},"10":{"name":"(anonymous_10)","decl":{"start":{"line":118,"column":4},"end":{"line":118,"column":8}},"loc":{"start":{"line":118,"column":64},"end":{"line":120,"column":5}}},"11":{"name":"(anonymous_11)","decl":{"start":{"line":122,"column":4},"end":{"line":122,"column":8}},"loc":{"start":{"line":122,"column":64},"end":{"line":124,"column":5}}},"12":{"name":"(anonymous_12)","decl":{"start":{"line":126,"column":4},"end":{"line":126,"column":9}},"loc":{"start":{"line":126,"column":65},"end":{"line":128,"column":5}}},"13":{"name":"(anonymous_13)","decl":{"start":{"line":130,"column":4},"end":{"line":130,"column":11}},"loc":{"start":{"line":130,"column":67},"end":{"line":132,"column":5}}},"14":{"name":"(anonymous_14)","decl":{"start":{"line":134,"column":4},"end":{"line":134,"column":14}},"loc":{"start":{"line":134,"column":70},"end":{"line":136,"column":5}}},"15":{"name":"(anonymous_15)","decl":{"start":{"line":138,"column":4},"end":{"line":138,"column":9}},"loc":{"start":{"line":138,"column":65},"end":{"line":140,"column":5}}}},"branchMap":{"0":{"loc":{"start":{"line":27,"column":27},"end":{"line":27,"column":57}},"type":"default-arg","locations":[{"start":{"line":27,"column":55},"end":{"line":27,"column":57}}]},"1":{"loc":{"start":{"line":28,"column":4},"end":{"line":28,"column":67}},"type":"if","locations":[{"start":{"line":28,"column":4},"end":{"line":28,"column":67}},{"start":{},"end":{}}]},"2":{"loc":{"start":{"line":28,"column":8},"end":{"line":28,"column":49}},"type":"binary-expr","locations":[{"start":{"line":28,"column":8},"end":{"line":28,"column":17}},{"start":{"line":28,"column":21},"end":{"line":28,"column":49}}]},"3":{"loc":{"start":{"line":29,"column":11},"end":{"line":29,"column":89}},"type":"cond-expr","locations":[{"start":{"line":29,"column":42},"end":{"line":29,"column":84}},{"start":{"line":29,"column":87},"end":{"line":29,"column":89}}]},"4":{"loc":{"start":{"line":73,"column":8},"end":{"line":73,"column":41}},"type":"if","locations":[{"start":{"line":73,"column":8},"end":{"line":73,"column":41}},{"start":{},"end":{}}]},"5":{"loc":{"start":{"line":79,"column":8},"end":{"line":79,"column":41}},"type":"if","locations":[{"start":{"line":79,"column":8},"end":{"line":79,"column":41}},{"start":{},"end":{}}]},"6":{"loc":{"start":{"line":81,"column":22},"end":{"line":81,"column":103}},"type":"binary-expr","locations":[{"start":{"line":81,"column":22},"end":{"line":81,"column":61}},{"start":{"line":81,"column":65},"end":{"line":81,"column":103}}]},"7":{"loc":{"start":{"line":83,"column":8},"end":{"line":83,"column":37}},"type":"if","locations":[{"start":{"line":83,"column":8},"end":{"line":83,"column":37}},{"start":{},"end":{}}]},"8":{"loc":{"start":{"line":91,"column":8},"end":{"line":91,"column":47}},"type":"if","locations":[{"start":{"line":91,"column":8},"end":{"line":91,"column":47}},{"start":{},"end":{}}]},"9":{"loc":{"start":{"line":95,"column":65},"end":{"line":95,"column":82}},"type":"default-arg","locations":[{"start":{"line":95,"column":80},"end":{"line":95,"column":82}}]},"10":{"loc":{"start":{"line":96,"column":8},"end":{"line":99,"column":9}},"type":"if","locations":[{"start":{"line":96,"column":8},"end":{"line":99,"column":9}},{"start":{},"end":{}}]},"11":{"loc":{"start":{"line":102,"column":8},"end":{"line":105,"column":9}},"type":"if","locations":[{"start":{"line":102,"column":8},"end":{"line":105,"column":9}},{"start":{},"end":{}}]},"12":{"loc":{"start":{"line":102,"column":12},"end":{"line":102,"column":72}},"type":"binary-expr","locations":[{"start":{"line":102,"column":12},"end":{"line":102,"column":46}},{"start":{"line":102,"column":50},"end":{"line":102,"column":72}}]},"13":{"loc":{"start":{"line":107,"column":8},"end":{"line":109,"column":9}},"type":"if","locations":[{"start":{"line":107,"column":8},"end":{"line":109,"column":9}},{"start":{},"end":{}}]},"14":{"loc":{"start":{"line":114,"column":47},"end":{"line":114,"column":65}},"type":"default-arg","locations":[{"start":{"line":114,"column":63},"end":{"line":114,"column":65}}]},"15":{"loc":{"start":{"line":118,"column":46},"end":{"line":118,"column":64}},"type":"default-arg","locations":[{"start":{"line":118,"column":62},"end":{"line":118,"column":64}}]},"16":{"loc":{"start":{"line":122,"column":46},"end":{"line":122,"column":64}},"type":"default-arg","locations":[{"start":{"line":122,"column":62},"end":{"line":122,"column":64}}]},"17":{"loc":{"start":{"line":126,"column":47},"end":{"line":126,"column":65}},"type":"default-arg","locations":[{"start":{"line":126,"column":63},"end":{"line":126,"column":65}}]},"18":{"loc":{"start":{"line":130,"column":49},"end":{"line":130,"column":67}},"type":"default-arg","locations":[{"start":{"line":130,"column":65},"end":{"line":130,"column":67}}]},"19":{"loc":{"start":{"line":134,"column":52},"end":{"line":134,"column":70}},"type":"default-arg","locations":[{"start":{"line":134,"column":68},"end":{"line":134,"column":70}}]},"20":{"loc":{"start":{"line":138,"column":47},"end":{"line":138,"column":65}},"type":"default-arg","locations":[{"start":{"line":138,"column":63},"end":{"line":138,"column":65}}]}},"s":{"0":18,"1":18,"2":18,"3":18,"4":116,"5":0,"6":116,"7":18,"8":18,"9":18,"10":116,"11":18,"12":0,"13":9,"14":0,"15":9,"16":9,"17":16,"18":9,"19":0,"20":9,"21":9,"22":2,"23":7,"24":7,"25":124,"26":10,"27":114,"28":124,"29":5,"30":5,"31":124,"32":9,"33":9,"34":124,"35":7,"36":124,"37":9,"38":10,"39":50,"40":6,"41":1,"42":1,"43":47,"44":18,"45":18,"46":18},"f":{"0":116,"1":18,"2":0,"3":116,"4":0,"5":9,"6":16,"7":124,"8":124,"9":9,"10":10,"11":50,"12":6,"13":1,"14":1,"15":47},"b":{"0":[0],"1":[0,116],"2":[116,116],"3":[79,37],"4":[0,9],"5":[0,9],"6":[9,2],"7":[2,7],"8":[10,114],"9":[0],"10":[5,119],"11":[9,115],"12":[124,115],"13":[7,117],"14":[0],"15":[2],"16":[33],"17":[0],"18":[0],"19":[0],"20":[0]}}
}
